[2023-01-01 16:00:22,958] {processor.py:153} INFO - Started process (PID=10374) to work on /Users/kayleeyvo/opt/anaconda3/lib/python3.9/site-packages/airflow/example_dags/example_time_delta_sensor_async.py
[2023-01-01 16:00:22,958] {processor.py:641} INFO - Processing file /Users/kayleeyvo/opt/anaconda3/lib/python3.9/site-packages/airflow/example_dags/example_time_delta_sensor_async.py for tasks to queue
[2023-01-01 16:00:22,958] {logging_mixin.py:115} INFO - [2023-01-01 16:00:22,958] {dagbag.py:507} INFO - Filling up the DagBag from /Users/kayleeyvo/opt/anaconda3/lib/python3.9/site-packages/airflow/example_dags/example_time_delta_sensor_async.py
[2023-01-01 16:00:22,967] {processor.py:651} INFO - DAG(s) dict_keys(['example_time_delta_sensor_async']) retrieved from /Users/kayleeyvo/opt/anaconda3/lib/python3.9/site-packages/airflow/example_dags/example_time_delta_sensor_async.py
[2023-01-01 16:00:23,034] {logging_mixin.py:115} INFO - [2023-01-01 16:00:23,034] {dag.py:2379} INFO - Sync 1 DAGs
[2023-01-01 16:00:23,045] {logging_mixin.py:115} INFO - [2023-01-01 16:00:23,045] {dag.py:2927} INFO - Setting next_dagrun for example_time_delta_sensor_async to None, run_after=None
[2023-01-01 16:00:23,054] {processor.py:161} INFO - Processing /Users/kayleeyvo/opt/anaconda3/lib/python3.9/site-packages/airflow/example_dags/example_time_delta_sensor_async.py took 0.096 seconds
[2023-01-01 16:01:29,098] {processor.py:153} INFO - Started process (PID=10468) to work on /Users/kayleeyvo/opt/anaconda3/lib/python3.9/site-packages/airflow/example_dags/example_time_delta_sensor_async.py
[2023-01-01 16:01:29,098] {processor.py:641} INFO - Processing file /Users/kayleeyvo/opt/anaconda3/lib/python3.9/site-packages/airflow/example_dags/example_time_delta_sensor_async.py for tasks to queue
[2023-01-01 16:01:29,099] {logging_mixin.py:115} INFO - [2023-01-01 16:01:29,099] {dagbag.py:507} INFO - Filling up the DagBag from /Users/kayleeyvo/opt/anaconda3/lib/python3.9/site-packages/airflow/example_dags/example_time_delta_sensor_async.py
[2023-01-01 16:01:29,108] {processor.py:651} INFO - DAG(s) dict_keys(['example_time_delta_sensor_async']) retrieved from /Users/kayleeyvo/opt/anaconda3/lib/python3.9/site-packages/airflow/example_dags/example_time_delta_sensor_async.py
[2023-01-01 16:01:29,173] {logging_mixin.py:115} INFO - [2023-01-01 16:01:29,173] {dag.py:2379} INFO - Sync 1 DAGs
[2023-01-01 16:01:29,182] {logging_mixin.py:115} INFO - [2023-01-01 16:01:29,182] {dag.py:2927} INFO - Setting next_dagrun for example_time_delta_sensor_async to None, run_after=None
[2023-01-01 16:01:29,191] {processor.py:161} INFO - Processing /Users/kayleeyvo/opt/anaconda3/lib/python3.9/site-packages/airflow/example_dags/example_time_delta_sensor_async.py took 0.093 seconds
[2023-01-01 16:02:32,013] {processor.py:153} INFO - Started process (PID=10560) to work on /Users/kayleeyvo/opt/anaconda3/lib/python3.9/site-packages/airflow/example_dags/example_time_delta_sensor_async.py
[2023-01-01 16:02:32,013] {processor.py:641} INFO - Processing file /Users/kayleeyvo/opt/anaconda3/lib/python3.9/site-packages/airflow/example_dags/example_time_delta_sensor_async.py for tasks to queue
[2023-01-01 16:02:32,014] {logging_mixin.py:115} INFO - [2023-01-01 16:02:32,014] {dagbag.py:507} INFO - Filling up the DagBag from /Users/kayleeyvo/opt/anaconda3/lib/python3.9/site-packages/airflow/example_dags/example_time_delta_sensor_async.py
[2023-01-01 16:02:32,024] {processor.py:651} INFO - DAG(s) dict_keys(['example_time_delta_sensor_async']) retrieved from /Users/kayleeyvo/opt/anaconda3/lib/python3.9/site-packages/airflow/example_dags/example_time_delta_sensor_async.py
[2023-01-01 16:02:32,094] {logging_mixin.py:115} INFO - [2023-01-01 16:02:32,094] {dag.py:2379} INFO - Sync 1 DAGs
[2023-01-01 16:02:32,105] {logging_mixin.py:115} INFO - [2023-01-01 16:02:32,105] {dag.py:2927} INFO - Setting next_dagrun for example_time_delta_sensor_async to None, run_after=None
[2023-01-01 16:02:32,114] {processor.py:161} INFO - Processing /Users/kayleeyvo/opt/anaconda3/lib/python3.9/site-packages/airflow/example_dags/example_time_delta_sensor_async.py took 0.101 seconds
[2023-01-01 16:03:31,358] {processor.py:153} INFO - Started process (PID=10647) to work on /Users/kayleeyvo/opt/anaconda3/lib/python3.9/site-packages/airflow/example_dags/example_time_delta_sensor_async.py
[2023-01-01 16:03:31,358] {processor.py:641} INFO - Processing file /Users/kayleeyvo/opt/anaconda3/lib/python3.9/site-packages/airflow/example_dags/example_time_delta_sensor_async.py for tasks to queue
[2023-01-01 16:03:31,358] {logging_mixin.py:115} INFO - [2023-01-01 16:03:31,358] {dagbag.py:507} INFO - Filling up the DagBag from /Users/kayleeyvo/opt/anaconda3/lib/python3.9/site-packages/airflow/example_dags/example_time_delta_sensor_async.py
[2023-01-01 16:03:31,368] {processor.py:651} INFO - DAG(s) dict_keys(['example_time_delta_sensor_async']) retrieved from /Users/kayleeyvo/opt/anaconda3/lib/python3.9/site-packages/airflow/example_dags/example_time_delta_sensor_async.py
[2023-01-01 16:03:31,435] {logging_mixin.py:115} INFO - [2023-01-01 16:03:31,435] {dag.py:2379} INFO - Sync 1 DAGs
[2023-01-01 16:03:31,445] {logging_mixin.py:115} INFO - [2023-01-01 16:03:31,445] {dag.py:2927} INFO - Setting next_dagrun for example_time_delta_sensor_async to None, run_after=None
[2023-01-01 16:03:31,453] {processor.py:161} INFO - Processing /Users/kayleeyvo/opt/anaconda3/lib/python3.9/site-packages/airflow/example_dags/example_time_delta_sensor_async.py took 0.096 seconds
[2023-01-01 16:04:30,283] {processor.py:153} INFO - Started process (PID=10737) to work on /Users/kayleeyvo/opt/anaconda3/lib/python3.9/site-packages/airflow/example_dags/example_time_delta_sensor_async.py
[2023-01-01 16:04:30,283] {processor.py:641} INFO - Processing file /Users/kayleeyvo/opt/anaconda3/lib/python3.9/site-packages/airflow/example_dags/example_time_delta_sensor_async.py for tasks to queue
[2023-01-01 16:04:30,284] {logging_mixin.py:115} INFO - [2023-01-01 16:04:30,284] {dagbag.py:507} INFO - Filling up the DagBag from /Users/kayleeyvo/opt/anaconda3/lib/python3.9/site-packages/airflow/example_dags/example_time_delta_sensor_async.py
[2023-01-01 16:04:30,293] {processor.py:651} INFO - DAG(s) dict_keys(['example_time_delta_sensor_async']) retrieved from /Users/kayleeyvo/opt/anaconda3/lib/python3.9/site-packages/airflow/example_dags/example_time_delta_sensor_async.py
[2023-01-01 16:04:30,359] {logging_mixin.py:115} INFO - [2023-01-01 16:04:30,359] {dag.py:2379} INFO - Sync 1 DAGs
[2023-01-01 16:04:30,369] {logging_mixin.py:115} INFO - [2023-01-01 16:04:30,369] {dag.py:2927} INFO - Setting next_dagrun for example_time_delta_sensor_async to None, run_after=None
[2023-01-01 16:04:30,378] {processor.py:161} INFO - Processing /Users/kayleeyvo/opt/anaconda3/lib/python3.9/site-packages/airflow/example_dags/example_time_delta_sensor_async.py took 0.095 seconds
