[2023-01-01 16:01:00,629] {processor.py:153} INFO - Started process (PID=10424) to work on /Users/kayleeyvo/opt/anaconda3/lib/python3.9/site-packages/airflow/example_dags/example_branch_python_dop_operator_3.py
[2023-01-01 16:01:00,629] {processor.py:641} INFO - Processing file /Users/kayleeyvo/opt/anaconda3/lib/python3.9/site-packages/airflow/example_dags/example_branch_python_dop_operator_3.py for tasks to queue
[2023-01-01 16:01:00,630] {logging_mixin.py:115} INFO - [2023-01-01 16:01:00,630] {dagbag.py:507} INFO - Filling up the DagBag from /Users/kayleeyvo/opt/anaconda3/lib/python3.9/site-packages/airflow/example_dags/example_branch_python_dop_operator_3.py
[2023-01-01 16:01:00,651] {processor.py:651} INFO - DAG(s) dict_keys(['example_branch_dop_operator_v3']) retrieved from /Users/kayleeyvo/opt/anaconda3/lib/python3.9/site-packages/airflow/example_dags/example_branch_python_dop_operator_3.py
[2023-01-01 16:01:00,697] {logging_mixin.py:115} INFO - [2023-01-01 16:01:00,697] {dag.py:2379} INFO - Sync 1 DAGs
[2023-01-01 16:01:00,710] {logging_mixin.py:115} INFO - [2023-01-01 16:01:00,710] {dag.py:2927} INFO - Setting next_dagrun for example_branch_dop_operator_v3 to 2023-01-02T00:00:00+00:00, run_after=2023-01-02T00:01:00+00:00
[2023-01-01 16:01:00,719] {processor.py:161} INFO - Processing /Users/kayleeyvo/opt/anaconda3/lib/python3.9/site-packages/airflow/example_dags/example_branch_python_dop_operator_3.py took 0.091 seconds
[2023-01-01 16:02:04,865] {processor.py:153} INFO - Started process (PID=10523) to work on /Users/kayleeyvo/opt/anaconda3/lib/python3.9/site-packages/airflow/example_dags/example_branch_python_dop_operator_3.py
[2023-01-01 16:02:04,865] {processor.py:641} INFO - Processing file /Users/kayleeyvo/opt/anaconda3/lib/python3.9/site-packages/airflow/example_dags/example_branch_python_dop_operator_3.py for tasks to queue
[2023-01-01 16:02:04,865] {logging_mixin.py:115} INFO - [2023-01-01 16:02:04,865] {dagbag.py:507} INFO - Filling up the DagBag from /Users/kayleeyvo/opt/anaconda3/lib/python3.9/site-packages/airflow/example_dags/example_branch_python_dop_operator_3.py
[2023-01-01 16:02:04,885] {processor.py:651} INFO - DAG(s) dict_keys(['example_branch_dop_operator_v3']) retrieved from /Users/kayleeyvo/opt/anaconda3/lib/python3.9/site-packages/airflow/example_dags/example_branch_python_dop_operator_3.py
[2023-01-01 16:02:04,932] {logging_mixin.py:115} INFO - [2023-01-01 16:02:04,932] {dag.py:2379} INFO - Sync 1 DAGs
[2023-01-01 16:02:04,947] {logging_mixin.py:115} INFO - [2023-01-01 16:02:04,947] {dag.py:2927} INFO - Setting next_dagrun for example_branch_dop_operator_v3 to 2023-01-02T00:01:00+00:00, run_after=2023-01-02T00:02:00+00:00
[2023-01-01 16:02:04,955] {processor.py:161} INFO - Processing /Users/kayleeyvo/opt/anaconda3/lib/python3.9/site-packages/airflow/example_dags/example_branch_python_dop_operator_3.py took 0.091 seconds
[2023-01-01 16:03:04,199] {processor.py:153} INFO - Started process (PID=10610) to work on /Users/kayleeyvo/opt/anaconda3/lib/python3.9/site-packages/airflow/example_dags/example_branch_python_dop_operator_3.py
[2023-01-01 16:03:04,199] {processor.py:641} INFO - Processing file /Users/kayleeyvo/opt/anaconda3/lib/python3.9/site-packages/airflow/example_dags/example_branch_python_dop_operator_3.py for tasks to queue
[2023-01-01 16:03:04,200] {logging_mixin.py:115} INFO - [2023-01-01 16:03:04,200] {dagbag.py:507} INFO - Filling up the DagBag from /Users/kayleeyvo/opt/anaconda3/lib/python3.9/site-packages/airflow/example_dags/example_branch_python_dop_operator_3.py
[2023-01-01 16:03:04,220] {processor.py:651} INFO - DAG(s) dict_keys(['example_branch_dop_operator_v3']) retrieved from /Users/kayleeyvo/opt/anaconda3/lib/python3.9/site-packages/airflow/example_dags/example_branch_python_dop_operator_3.py
[2023-01-01 16:03:04,268] {logging_mixin.py:115} INFO - [2023-01-01 16:03:04,268] {dag.py:2379} INFO - Sync 1 DAGs
[2023-01-01 16:03:04,281] {logging_mixin.py:115} INFO - [2023-01-01 16:03:04,281] {dag.py:2927} INFO - Setting next_dagrun for example_branch_dop_operator_v3 to 2023-01-02T00:02:00+00:00, run_after=2023-01-02T00:03:00+00:00
[2023-01-01 16:03:04,289] {processor.py:161} INFO - Processing /Users/kayleeyvo/opt/anaconda3/lib/python3.9/site-packages/airflow/example_dags/example_branch_python_dop_operator_3.py took 0.091 seconds
[2023-01-01 16:04:04,159] {processor.py:153} INFO - Started process (PID=10694) to work on /Users/kayleeyvo/opt/anaconda3/lib/python3.9/site-packages/airflow/example_dags/example_branch_python_dop_operator_3.py
[2023-01-01 16:04:04,159] {processor.py:641} INFO - Processing file /Users/kayleeyvo/opt/anaconda3/lib/python3.9/site-packages/airflow/example_dags/example_branch_python_dop_operator_3.py for tasks to queue
[2023-01-01 16:04:04,159] {logging_mixin.py:115} INFO - [2023-01-01 16:04:04,159] {dagbag.py:507} INFO - Filling up the DagBag from /Users/kayleeyvo/opt/anaconda3/lib/python3.9/site-packages/airflow/example_dags/example_branch_python_dop_operator_3.py
[2023-01-01 16:04:04,180] {processor.py:651} INFO - DAG(s) dict_keys(['example_branch_dop_operator_v3']) retrieved from /Users/kayleeyvo/opt/anaconda3/lib/python3.9/site-packages/airflow/example_dags/example_branch_python_dop_operator_3.py
[2023-01-01 16:04:04,226] {logging_mixin.py:115} INFO - [2023-01-01 16:04:04,226] {dag.py:2379} INFO - Sync 1 DAGs
[2023-01-01 16:04:04,240] {logging_mixin.py:115} INFO - [2023-01-01 16:04:04,239] {dag.py:2927} INFO - Setting next_dagrun for example_branch_dop_operator_v3 to 2023-01-02T00:03:00+00:00, run_after=2023-01-02T00:04:00+00:00
[2023-01-01 16:04:04,251] {processor.py:161} INFO - Processing /Users/kayleeyvo/opt/anaconda3/lib/python3.9/site-packages/airflow/example_dags/example_branch_python_dop_operator_3.py took 0.093 seconds
