[2023-01-01 16:00:30,494] {processor.py:153} INFO - Started process (PID=10382) to work on /Users/kayleeyvo/opt/anaconda3/lib/python3.9/site-packages/airflow/example_dags/example_sla_dag.py
[2023-01-01 16:00:30,494] {processor.py:641} INFO - Processing file /Users/kayleeyvo/opt/anaconda3/lib/python3.9/site-packages/airflow/example_dags/example_sla_dag.py for tasks to queue
[2023-01-01 16:00:30,495] {logging_mixin.py:115} INFO - [2023-01-01 16:00:30,495] {dagbag.py:507} INFO - Filling up the DagBag from /Users/kayleeyvo/opt/anaconda3/lib/python3.9/site-packages/airflow/example_dags/example_sla_dag.py
[2023-01-01 16:00:30,523] {processor.py:651} INFO - DAG(s) dict_keys(['example_sla_dag']) retrieved from /Users/kayleeyvo/opt/anaconda3/lib/python3.9/site-packages/airflow/example_dags/example_sla_dag.py
[2023-01-01 16:00:30,574] {logging_mixin.py:115} INFO - [2023-01-01 16:00:30,573] {dag.py:2379} INFO - Sync 1 DAGs
[2023-01-01 16:00:30,587] {logging_mixin.py:115} INFO - [2023-01-01 16:00:30,587] {dag.py:2927} INFO - Setting next_dagrun for example_sla_dag to 2023-01-01T23:58:00+00:00, run_after=2023-01-02T00:00:00+00:00
[2023-01-01 16:00:30,596] {processor.py:161} INFO - Processing /Users/kayleeyvo/opt/anaconda3/lib/python3.9/site-packages/airflow/example_dags/example_sla_dag.py took 0.103 seconds
[2023-01-01 16:01:36,629] {processor.py:153} INFO - Started process (PID=10478) to work on /Users/kayleeyvo/opt/anaconda3/lib/python3.9/site-packages/airflow/example_dags/example_sla_dag.py
[2023-01-01 16:01:36,629] {processor.py:641} INFO - Processing file /Users/kayleeyvo/opt/anaconda3/lib/python3.9/site-packages/airflow/example_dags/example_sla_dag.py for tasks to queue
[2023-01-01 16:01:36,629] {logging_mixin.py:115} INFO - [2023-01-01 16:01:36,629] {dagbag.py:507} INFO - Filling up the DagBag from /Users/kayleeyvo/opt/anaconda3/lib/python3.9/site-packages/airflow/example_dags/example_sla_dag.py
[2023-01-01 16:01:36,656] {processor.py:651} INFO - DAG(s) dict_keys(['example_sla_dag']) retrieved from /Users/kayleeyvo/opt/anaconda3/lib/python3.9/site-packages/airflow/example_dags/example_sla_dag.py
[2023-01-01 16:01:36,705] {logging_mixin.py:115} INFO - [2023-01-01 16:01:36,705] {dag.py:2379} INFO - Sync 1 DAGs
[2023-01-01 16:01:36,718] {logging_mixin.py:115} INFO - [2023-01-01 16:01:36,717] {dag.py:2927} INFO - Setting next_dagrun for example_sla_dag to 2023-01-01T23:58:00+00:00, run_after=2023-01-02T00:00:00+00:00
[2023-01-01 16:01:36,726] {processor.py:161} INFO - Processing /Users/kayleeyvo/opt/anaconda3/lib/python3.9/site-packages/airflow/example_dags/example_sla_dag.py took 0.098 seconds
[2023-01-01 16:02:39,458] {processor.py:153} INFO - Started process (PID=10570) to work on /Users/kayleeyvo/opt/anaconda3/lib/python3.9/site-packages/airflow/example_dags/example_sla_dag.py
[2023-01-01 16:02:39,458] {processor.py:641} INFO - Processing file /Users/kayleeyvo/opt/anaconda3/lib/python3.9/site-packages/airflow/example_dags/example_sla_dag.py for tasks to queue
[2023-01-01 16:02:39,459] {logging_mixin.py:115} INFO - [2023-01-01 16:02:39,459] {dagbag.py:507} INFO - Filling up the DagBag from /Users/kayleeyvo/opt/anaconda3/lib/python3.9/site-packages/airflow/example_dags/example_sla_dag.py
[2023-01-01 16:02:39,484] {processor.py:651} INFO - DAG(s) dict_keys(['example_sla_dag']) retrieved from /Users/kayleeyvo/opt/anaconda3/lib/python3.9/site-packages/airflow/example_dags/example_sla_dag.py
[2023-01-01 16:02:39,531] {logging_mixin.py:115} INFO - [2023-01-01 16:02:39,531] {dag.py:2379} INFO - Sync 1 DAGs
[2023-01-01 16:02:39,544] {logging_mixin.py:115} INFO - [2023-01-01 16:02:39,544] {dag.py:2927} INFO - Setting next_dagrun for example_sla_dag to 2023-01-02T00:00:00+00:00, run_after=2023-01-02T00:02:00+00:00
[2023-01-01 16:02:39,551] {processor.py:161} INFO - Processing /Users/kayleeyvo/opt/anaconda3/lib/python3.9/site-packages/airflow/example_dags/example_sla_dag.py took 0.093 seconds
[2023-01-01 16:03:38,660] {processor.py:153} INFO - Started process (PID=10657) to work on /Users/kayleeyvo/opt/anaconda3/lib/python3.9/site-packages/airflow/example_dags/example_sla_dag.py
[2023-01-01 16:03:38,660] {processor.py:641} INFO - Processing file /Users/kayleeyvo/opt/anaconda3/lib/python3.9/site-packages/airflow/example_dags/example_sla_dag.py for tasks to queue
[2023-01-01 16:03:38,661] {logging_mixin.py:115} INFO - [2023-01-01 16:03:38,661] {dagbag.py:507} INFO - Filling up the DagBag from /Users/kayleeyvo/opt/anaconda3/lib/python3.9/site-packages/airflow/example_dags/example_sla_dag.py
[2023-01-01 16:03:38,687] {processor.py:651} INFO - DAG(s) dict_keys(['example_sla_dag']) retrieved from /Users/kayleeyvo/opt/anaconda3/lib/python3.9/site-packages/airflow/example_dags/example_sla_dag.py
[2023-01-01 16:03:38,734] {logging_mixin.py:115} INFO - [2023-01-01 16:03:38,734] {dag.py:2379} INFO - Sync 1 DAGs
[2023-01-01 16:03:38,747] {logging_mixin.py:115} INFO - [2023-01-01 16:03:38,747] {dag.py:2927} INFO - Setting next_dagrun for example_sla_dag to 2023-01-02T00:00:00+00:00, run_after=2023-01-02T00:02:00+00:00
[2023-01-01 16:03:38,755] {processor.py:161} INFO - Processing /Users/kayleeyvo/opt/anaconda3/lib/python3.9/site-packages/airflow/example_dags/example_sla_dag.py took 0.095 seconds
