[2023-01-01 16:00:02,534] {processor.py:153} INFO - Started process (PID=10347) to work on /Users/kayleeyvo/opt/anaconda3/lib/python3.9/site-packages/airflow/example_dags/example_bash_operator.py
[2023-01-01 16:00:02,534] {processor.py:641} INFO - Processing file /Users/kayleeyvo/opt/anaconda3/lib/python3.9/site-packages/airflow/example_dags/example_bash_operator.py for tasks to queue
[2023-01-01 16:00:02,534] {logging_mixin.py:115} INFO - [2023-01-01 16:00:02,534] {dagbag.py:507} INFO - Filling up the DagBag from /Users/kayleeyvo/opt/anaconda3/lib/python3.9/site-packages/airflow/example_dags/example_bash_operator.py
[2023-01-01 16:00:02,547] {processor.py:651} INFO - DAG(s) dict_keys(['example_bash_operator']) retrieved from /Users/kayleeyvo/opt/anaconda3/lib/python3.9/site-packages/airflow/example_dags/example_bash_operator.py
[2023-01-01 16:00:02,593] {logging_mixin.py:115} INFO - [2023-01-01 16:00:02,592] {dag.py:2379} INFO - Sync 1 DAGs
[2023-01-01 16:00:02,604] {logging_mixin.py:115} INFO - [2023-01-01 16:00:02,604] {dag.py:2927} INFO - Setting next_dagrun for example_bash_operator to 2023-01-01T00:00:00+00:00, run_after=2023-01-02T00:00:00+00:00
[2023-01-01 16:00:02,613] {processor.py:161} INFO - Processing /Users/kayleeyvo/opt/anaconda3/lib/python3.9/site-packages/airflow/example_dags/example_bash_operator.py took 0.080 seconds
[2023-01-01 16:01:07,048] {processor.py:153} INFO - Started process (PID=10438) to work on /Users/kayleeyvo/opt/anaconda3/lib/python3.9/site-packages/airflow/example_dags/example_bash_operator.py
[2023-01-01 16:01:07,048] {processor.py:641} INFO - Processing file /Users/kayleeyvo/opt/anaconda3/lib/python3.9/site-packages/airflow/example_dags/example_bash_operator.py for tasks to queue
[2023-01-01 16:01:07,048] {logging_mixin.py:115} INFO - [2023-01-01 16:01:07,048] {dagbag.py:507} INFO - Filling up the DagBag from /Users/kayleeyvo/opt/anaconda3/lib/python3.9/site-packages/airflow/example_dags/example_bash_operator.py
[2023-01-01 16:01:07,061] {processor.py:651} INFO - DAG(s) dict_keys(['example_bash_operator']) retrieved from /Users/kayleeyvo/opt/anaconda3/lib/python3.9/site-packages/airflow/example_dags/example_bash_operator.py
[2023-01-01 16:01:07,108] {logging_mixin.py:115} INFO - [2023-01-01 16:01:07,108] {dag.py:2379} INFO - Sync 1 DAGs
[2023-01-01 16:01:07,119] {logging_mixin.py:115} INFO - [2023-01-01 16:01:07,119] {dag.py:2927} INFO - Setting next_dagrun for example_bash_operator to 2023-01-01T00:00:00+00:00, run_after=2023-01-02T00:00:00+00:00
[2023-01-01 16:01:07,127] {processor.py:161} INFO - Processing /Users/kayleeyvo/opt/anaconda3/lib/python3.9/site-packages/airflow/example_dags/example_bash_operator.py took 0.080 seconds
[2023-01-01 16:02:11,597] {processor.py:153} INFO - Started process (PID=10533) to work on /Users/kayleeyvo/opt/anaconda3/lib/python3.9/site-packages/airflow/example_dags/example_bash_operator.py
[2023-01-01 16:02:11,597] {processor.py:641} INFO - Processing file /Users/kayleeyvo/opt/anaconda3/lib/python3.9/site-packages/airflow/example_dags/example_bash_operator.py for tasks to queue
[2023-01-01 16:02:11,598] {logging_mixin.py:115} INFO - [2023-01-01 16:02:11,598] {dagbag.py:507} INFO - Filling up the DagBag from /Users/kayleeyvo/opt/anaconda3/lib/python3.9/site-packages/airflow/example_dags/example_bash_operator.py
[2023-01-01 16:02:11,610] {processor.py:651} INFO - DAG(s) dict_keys(['example_bash_operator']) retrieved from /Users/kayleeyvo/opt/anaconda3/lib/python3.9/site-packages/airflow/example_dags/example_bash_operator.py
[2023-01-01 16:02:11,657] {logging_mixin.py:115} INFO - [2023-01-01 16:02:11,657] {dag.py:2379} INFO - Sync 1 DAGs
[2023-01-01 16:02:11,669] {logging_mixin.py:115} INFO - [2023-01-01 16:02:11,669] {dag.py:2927} INFO - Setting next_dagrun for example_bash_operator to 2023-01-01T00:00:00+00:00, run_after=2023-01-02T00:00:00+00:00
[2023-01-01 16:02:11,678] {processor.py:161} INFO - Processing /Users/kayleeyvo/opt/anaconda3/lib/python3.9/site-packages/airflow/example_dags/example_bash_operator.py took 0.081 seconds
[2023-01-01 16:03:11,004] {processor.py:153} INFO - Started process (PID=10618) to work on /Users/kayleeyvo/opt/anaconda3/lib/python3.9/site-packages/airflow/example_dags/example_bash_operator.py
[2023-01-01 16:03:11,004] {processor.py:641} INFO - Processing file /Users/kayleeyvo/opt/anaconda3/lib/python3.9/site-packages/airflow/example_dags/example_bash_operator.py for tasks to queue
[2023-01-01 16:03:11,005] {logging_mixin.py:115} INFO - [2023-01-01 16:03:11,005] {dagbag.py:507} INFO - Filling up the DagBag from /Users/kayleeyvo/opt/anaconda3/lib/python3.9/site-packages/airflow/example_dags/example_bash_operator.py
[2023-01-01 16:03:11,017] {processor.py:651} INFO - DAG(s) dict_keys(['example_bash_operator']) retrieved from /Users/kayleeyvo/opt/anaconda3/lib/python3.9/site-packages/airflow/example_dags/example_bash_operator.py
[2023-01-01 16:03:11,063] {logging_mixin.py:115} INFO - [2023-01-01 16:03:11,063] {dag.py:2379} INFO - Sync 1 DAGs
[2023-01-01 16:03:11,074] {logging_mixin.py:115} INFO - [2023-01-01 16:03:11,074] {dag.py:2927} INFO - Setting next_dagrun for example_bash_operator to 2023-01-01T00:00:00+00:00, run_after=2023-01-02T00:00:00+00:00
[2023-01-01 16:03:11,083] {processor.py:161} INFO - Processing /Users/kayleeyvo/opt/anaconda3/lib/python3.9/site-packages/airflow/example_dags/example_bash_operator.py took 0.079 seconds
[2023-01-01 16:04:09,954] {processor.py:153} INFO - Started process (PID=10702) to work on /Users/kayleeyvo/opt/anaconda3/lib/python3.9/site-packages/airflow/example_dags/example_bash_operator.py
[2023-01-01 16:04:09,954] {processor.py:641} INFO - Processing file /Users/kayleeyvo/opt/anaconda3/lib/python3.9/site-packages/airflow/example_dags/example_bash_operator.py for tasks to queue
[2023-01-01 16:04:09,954] {logging_mixin.py:115} INFO - [2023-01-01 16:04:09,954] {dagbag.py:507} INFO - Filling up the DagBag from /Users/kayleeyvo/opt/anaconda3/lib/python3.9/site-packages/airflow/example_dags/example_bash_operator.py
[2023-01-01 16:04:09,967] {processor.py:651} INFO - DAG(s) dict_keys(['example_bash_operator']) retrieved from /Users/kayleeyvo/opt/anaconda3/lib/python3.9/site-packages/airflow/example_dags/example_bash_operator.py
[2023-01-01 16:04:10,016] {logging_mixin.py:115} INFO - [2023-01-01 16:04:10,015] {dag.py:2379} INFO - Sync 1 DAGs
[2023-01-01 16:04:10,028] {logging_mixin.py:115} INFO - [2023-01-01 16:04:10,027] {dag.py:2927} INFO - Setting next_dagrun for example_bash_operator to 2023-01-01T00:00:00+00:00, run_after=2023-01-02T00:00:00+00:00
[2023-01-01 16:04:10,035] {processor.py:161} INFO - Processing /Users/kayleeyvo/opt/anaconda3/lib/python3.9/site-packages/airflow/example_dags/example_bash_operator.py took 0.082 seconds
