[2023-01-01 16:00:46,108] {processor.py:153} INFO - Started process (PID=10403) to work on /Users/kayleeyvo/opt/anaconda3/lib/python3.9/site-packages/airflow/example_dags/example_nested_branch_dag.py
[2023-01-01 16:00:46,108] {processor.py:641} INFO - Processing file /Users/kayleeyvo/opt/anaconda3/lib/python3.9/site-packages/airflow/example_dags/example_nested_branch_dag.py for tasks to queue
[2023-01-01 16:00:46,109] {logging_mixin.py:115} INFO - [2023-01-01 16:00:46,109] {dagbag.py:507} INFO - Filling up the DagBag from /Users/kayleeyvo/opt/anaconda3/lib/python3.9/site-packages/airflow/example_dags/example_nested_branch_dag.py
[2023-01-01 16:00:46,130] {processor.py:651} INFO - DAG(s) dict_keys(['example_nested_branch_dag']) retrieved from /Users/kayleeyvo/opt/anaconda3/lib/python3.9/site-packages/airflow/example_dags/example_nested_branch_dag.py
[2023-01-01 16:00:46,181] {logging_mixin.py:115} INFO - [2023-01-01 16:00:46,181] {dag.py:2379} INFO - Sync 1 DAGs
[2023-01-01 16:00:46,193] {logging_mixin.py:115} INFO - [2023-01-01 16:00:46,193] {dag.py:2927} INFO - Setting next_dagrun for example_nested_branch_dag to 2023-01-01T00:00:00+00:00, run_after=2023-01-02T00:00:00+00:00
[2023-01-01 16:00:46,202] {processor.py:161} INFO - Processing /Users/kayleeyvo/opt/anaconda3/lib/python3.9/site-packages/airflow/example_dags/example_nested_branch_dag.py took 0.094 seconds
[2023-01-01 16:01:50,603] {processor.py:153} INFO - Started process (PID=10503) to work on /Users/kayleeyvo/opt/anaconda3/lib/python3.9/site-packages/airflow/example_dags/example_nested_branch_dag.py
[2023-01-01 16:01:50,603] {processor.py:641} INFO - Processing file /Users/kayleeyvo/opt/anaconda3/lib/python3.9/site-packages/airflow/example_dags/example_nested_branch_dag.py for tasks to queue
[2023-01-01 16:01:50,603] {logging_mixin.py:115} INFO - [2023-01-01 16:01:50,603] {dagbag.py:507} INFO - Filling up the DagBag from /Users/kayleeyvo/opt/anaconda3/lib/python3.9/site-packages/airflow/example_dags/example_nested_branch_dag.py
[2023-01-01 16:01:50,624] {processor.py:651} INFO - DAG(s) dict_keys(['example_nested_branch_dag']) retrieved from /Users/kayleeyvo/opt/anaconda3/lib/python3.9/site-packages/airflow/example_dags/example_nested_branch_dag.py
[2023-01-01 16:01:50,672] {logging_mixin.py:115} INFO - [2023-01-01 16:01:50,672] {dag.py:2379} INFO - Sync 1 DAGs
[2023-01-01 16:01:50,684] {logging_mixin.py:115} INFO - [2023-01-01 16:01:50,684] {dag.py:2927} INFO - Setting next_dagrun for example_nested_branch_dag to 2023-01-01T00:00:00+00:00, run_after=2023-01-02T00:00:00+00:00
[2023-01-01 16:01:50,693] {processor.py:161} INFO - Processing /Users/kayleeyvo/opt/anaconda3/lib/python3.9/site-packages/airflow/example_dags/example_nested_branch_dag.py took 0.090 seconds
[2023-01-01 16:02:50,962] {processor.py:153} INFO - Started process (PID=10587) to work on /Users/kayleeyvo/opt/anaconda3/lib/python3.9/site-packages/airflow/example_dags/example_nested_branch_dag.py
[2023-01-01 16:02:50,962] {processor.py:641} INFO - Processing file /Users/kayleeyvo/opt/anaconda3/lib/python3.9/site-packages/airflow/example_dags/example_nested_branch_dag.py for tasks to queue
[2023-01-01 16:02:50,962] {logging_mixin.py:115} INFO - [2023-01-01 16:02:50,962] {dagbag.py:507} INFO - Filling up the DagBag from /Users/kayleeyvo/opt/anaconda3/lib/python3.9/site-packages/airflow/example_dags/example_nested_branch_dag.py
[2023-01-01 16:02:50,983] {processor.py:651} INFO - DAG(s) dict_keys(['example_nested_branch_dag']) retrieved from /Users/kayleeyvo/opt/anaconda3/lib/python3.9/site-packages/airflow/example_dags/example_nested_branch_dag.py
[2023-01-01 16:02:51,028] {logging_mixin.py:115} INFO - [2023-01-01 16:02:51,028] {dag.py:2379} INFO - Sync 1 DAGs
[2023-01-01 16:02:51,039] {logging_mixin.py:115} INFO - [2023-01-01 16:02:51,039] {dag.py:2927} INFO - Setting next_dagrun for example_nested_branch_dag to 2023-01-01T00:00:00+00:00, run_after=2023-01-02T00:00:00+00:00
[2023-01-01 16:02:51,047] {processor.py:161} INFO - Processing /Users/kayleeyvo/opt/anaconda3/lib/python3.9/site-packages/airflow/example_dags/example_nested_branch_dag.py took 0.086 seconds
[2023-01-01 16:03:51,197] {processor.py:153} INFO - Started process (PID=10675) to work on /Users/kayleeyvo/opt/anaconda3/lib/python3.9/site-packages/airflow/example_dags/example_nested_branch_dag.py
[2023-01-01 16:03:51,197] {processor.py:641} INFO - Processing file /Users/kayleeyvo/opt/anaconda3/lib/python3.9/site-packages/airflow/example_dags/example_nested_branch_dag.py for tasks to queue
[2023-01-01 16:03:51,198] {logging_mixin.py:115} INFO - [2023-01-01 16:03:51,198] {dagbag.py:507} INFO - Filling up the DagBag from /Users/kayleeyvo/opt/anaconda3/lib/python3.9/site-packages/airflow/example_dags/example_nested_branch_dag.py
[2023-01-01 16:03:51,218] {processor.py:651} INFO - DAG(s) dict_keys(['example_nested_branch_dag']) retrieved from /Users/kayleeyvo/opt/anaconda3/lib/python3.9/site-packages/airflow/example_dags/example_nested_branch_dag.py
[2023-01-01 16:03:51,266] {logging_mixin.py:115} INFO - [2023-01-01 16:03:51,265] {dag.py:2379} INFO - Sync 1 DAGs
[2023-01-01 16:03:51,277] {logging_mixin.py:115} INFO - [2023-01-01 16:03:51,277] {dag.py:2927} INFO - Setting next_dagrun for example_nested_branch_dag to 2023-01-01T00:00:00+00:00, run_after=2023-01-02T00:00:00+00:00
[2023-01-01 16:03:51,286] {processor.py:161} INFO - Processing /Users/kayleeyvo/opt/anaconda3/lib/python3.9/site-packages/airflow/example_dags/example_nested_branch_dag.py took 0.089 seconds
