[2023-01-01 16:00:21,216] {processor.py:153} INFO - Started process (PID=10371) to work on /Users/kayleeyvo/opt/anaconda3/lib/python3.9/site-packages/airflow/example_dags/example_trigger_controller_dag.py
[2023-01-01 16:00:21,216] {processor.py:641} INFO - Processing file /Users/kayleeyvo/opt/anaconda3/lib/python3.9/site-packages/airflow/example_dags/example_trigger_controller_dag.py for tasks to queue
[2023-01-01 16:00:21,217] {logging_mixin.py:115} INFO - [2023-01-01 16:00:21,216] {dagbag.py:507} INFO - Filling up the DagBag from /Users/kayleeyvo/opt/anaconda3/lib/python3.9/site-packages/airflow/example_dags/example_trigger_controller_dag.py
[2023-01-01 16:00:21,226] {processor.py:651} INFO - DAG(s) dict_keys(['example_trigger_controller_dag']) retrieved from /Users/kayleeyvo/opt/anaconda3/lib/python3.9/site-packages/airflow/example_dags/example_trigger_controller_dag.py
[2023-01-01 16:00:21,272] {logging_mixin.py:115} INFO - [2023-01-01 16:00:21,272] {dag.py:2379} INFO - Sync 1 DAGs
[2023-01-01 16:00:21,283] {logging_mixin.py:115} INFO - [2023-01-01 16:00:21,283] {dag.py:2927} INFO - Setting next_dagrun for example_trigger_controller_dag to 2021-01-01T00:00:00+00:00, run_after=2021-01-01T00:00:00+00:00
[2023-01-01 16:00:21,291] {processor.py:161} INFO - Processing /Users/kayleeyvo/opt/anaconda3/lib/python3.9/site-packages/airflow/example_dags/example_trigger_controller_dag.py took 0.076 seconds
[2023-01-01 16:01:27,361] {processor.py:153} INFO - Started process (PID=10467) to work on /Users/kayleeyvo/opt/anaconda3/lib/python3.9/site-packages/airflow/example_dags/example_trigger_controller_dag.py
[2023-01-01 16:01:27,361] {processor.py:641} INFO - Processing file /Users/kayleeyvo/opt/anaconda3/lib/python3.9/site-packages/airflow/example_dags/example_trigger_controller_dag.py for tasks to queue
[2023-01-01 16:01:27,362] {logging_mixin.py:115} INFO - [2023-01-01 16:01:27,362] {dagbag.py:507} INFO - Filling up the DagBag from /Users/kayleeyvo/opt/anaconda3/lib/python3.9/site-packages/airflow/example_dags/example_trigger_controller_dag.py
[2023-01-01 16:01:27,370] {processor.py:651} INFO - DAG(s) dict_keys(['example_trigger_controller_dag']) retrieved from /Users/kayleeyvo/opt/anaconda3/lib/python3.9/site-packages/airflow/example_dags/example_trigger_controller_dag.py
[2023-01-01 16:01:27,416] {logging_mixin.py:115} INFO - [2023-01-01 16:01:27,416] {dag.py:2379} INFO - Sync 1 DAGs
[2023-01-01 16:01:27,428] {logging_mixin.py:115} INFO - [2023-01-01 16:01:27,428] {dag.py:2927} INFO - Setting next_dagrun for example_trigger_controller_dag to 2021-01-01T00:00:00+00:00, run_after=2021-01-01T00:00:00+00:00
[2023-01-01 16:01:27,436] {processor.py:161} INFO - Processing /Users/kayleeyvo/opt/anaconda3/lib/python3.9/site-packages/airflow/example_dags/example_trigger_controller_dag.py took 0.076 seconds
[2023-01-01 16:02:30,215] {processor.py:153} INFO - Started process (PID=10557) to work on /Users/kayleeyvo/opt/anaconda3/lib/python3.9/site-packages/airflow/example_dags/example_trigger_controller_dag.py
[2023-01-01 16:02:30,216] {processor.py:641} INFO - Processing file /Users/kayleeyvo/opt/anaconda3/lib/python3.9/site-packages/airflow/example_dags/example_trigger_controller_dag.py for tasks to queue
[2023-01-01 16:02:30,216] {logging_mixin.py:115} INFO - [2023-01-01 16:02:30,216] {dagbag.py:507} INFO - Filling up the DagBag from /Users/kayleeyvo/opt/anaconda3/lib/python3.9/site-packages/airflow/example_dags/example_trigger_controller_dag.py
[2023-01-01 16:02:30,225] {processor.py:651} INFO - DAG(s) dict_keys(['example_trigger_controller_dag']) retrieved from /Users/kayleeyvo/opt/anaconda3/lib/python3.9/site-packages/airflow/example_dags/example_trigger_controller_dag.py
[2023-01-01 16:02:30,270] {logging_mixin.py:115} INFO - [2023-01-01 16:02:30,269] {dag.py:2379} INFO - Sync 1 DAGs
[2023-01-01 16:02:30,280] {logging_mixin.py:115} INFO - [2023-01-01 16:02:30,280] {dag.py:2927} INFO - Setting next_dagrun for example_trigger_controller_dag to 2021-01-01T00:00:00+00:00, run_after=2021-01-01T00:00:00+00:00
[2023-01-01 16:02:30,287] {processor.py:161} INFO - Processing /Users/kayleeyvo/opt/anaconda3/lib/python3.9/site-packages/airflow/example_dags/example_trigger_controller_dag.py took 0.072 seconds
[2023-01-01 16:03:29,625] {processor.py:153} INFO - Started process (PID=10644) to work on /Users/kayleeyvo/opt/anaconda3/lib/python3.9/site-packages/airflow/example_dags/example_trigger_controller_dag.py
[2023-01-01 16:03:29,626] {processor.py:641} INFO - Processing file /Users/kayleeyvo/opt/anaconda3/lib/python3.9/site-packages/airflow/example_dags/example_trigger_controller_dag.py for tasks to queue
[2023-01-01 16:03:29,626] {logging_mixin.py:115} INFO - [2023-01-01 16:03:29,626] {dagbag.py:507} INFO - Filling up the DagBag from /Users/kayleeyvo/opt/anaconda3/lib/python3.9/site-packages/airflow/example_dags/example_trigger_controller_dag.py
[2023-01-01 16:03:29,635] {processor.py:651} INFO - DAG(s) dict_keys(['example_trigger_controller_dag']) retrieved from /Users/kayleeyvo/opt/anaconda3/lib/python3.9/site-packages/airflow/example_dags/example_trigger_controller_dag.py
[2023-01-01 16:03:29,682] {logging_mixin.py:115} INFO - [2023-01-01 16:03:29,682] {dag.py:2379} INFO - Sync 1 DAGs
[2023-01-01 16:03:29,693] {logging_mixin.py:115} INFO - [2023-01-01 16:03:29,693] {dag.py:2927} INFO - Setting next_dagrun for example_trigger_controller_dag to 2021-01-01T00:00:00+00:00, run_after=2021-01-01T00:00:00+00:00
[2023-01-01 16:03:29,701] {processor.py:161} INFO - Processing /Users/kayleeyvo/opt/anaconda3/lib/python3.9/site-packages/airflow/example_dags/example_trigger_controller_dag.py took 0.077 seconds
[2023-01-01 16:04:28,509] {processor.py:153} INFO - Started process (PID=10733) to work on /Users/kayleeyvo/opt/anaconda3/lib/python3.9/site-packages/airflow/example_dags/example_trigger_controller_dag.py
[2023-01-01 16:04:28,509] {processor.py:641} INFO - Processing file /Users/kayleeyvo/opt/anaconda3/lib/python3.9/site-packages/airflow/example_dags/example_trigger_controller_dag.py for tasks to queue
[2023-01-01 16:04:28,509] {logging_mixin.py:115} INFO - [2023-01-01 16:04:28,509] {dagbag.py:507} INFO - Filling up the DagBag from /Users/kayleeyvo/opt/anaconda3/lib/python3.9/site-packages/airflow/example_dags/example_trigger_controller_dag.py
[2023-01-01 16:04:28,519] {processor.py:651} INFO - DAG(s) dict_keys(['example_trigger_controller_dag']) retrieved from /Users/kayleeyvo/opt/anaconda3/lib/python3.9/site-packages/airflow/example_dags/example_trigger_controller_dag.py
[2023-01-01 16:04:28,573] {logging_mixin.py:115} INFO - [2023-01-01 16:04:28,573] {dag.py:2379} INFO - Sync 1 DAGs
[2023-01-01 16:04:28,585] {logging_mixin.py:115} INFO - [2023-01-01 16:04:28,585] {dag.py:2927} INFO - Setting next_dagrun for example_trigger_controller_dag to 2021-01-01T00:00:00+00:00, run_after=2021-01-01T00:00:00+00:00
[2023-01-01 16:04:28,596] {processor.py:161} INFO - Processing /Users/kayleeyvo/opt/anaconda3/lib/python3.9/site-packages/airflow/example_dags/example_trigger_controller_dag.py took 0.088 seconds
