[2023-01-01 16:00:32,258] {processor.py:153} INFO - Started process (PID=10387) to work on /Users/kayleeyvo/opt/anaconda3/lib/python3.9/site-packages/airflow/example_dags/example_branch_day_of_week_operator.py
[2023-01-01 16:00:32,258] {processor.py:641} INFO - Processing file /Users/kayleeyvo/opt/anaconda3/lib/python3.9/site-packages/airflow/example_dags/example_branch_day_of_week_operator.py for tasks to queue
[2023-01-01 16:00:32,258] {logging_mixin.py:115} INFO - [2023-01-01 16:00:32,258] {dagbag.py:507} INFO - Filling up the DagBag from /Users/kayleeyvo/opt/anaconda3/lib/python3.9/site-packages/airflow/example_dags/example_branch_day_of_week_operator.py
[2023-01-01 16:00:32,268] {processor.py:651} INFO - DAG(s) dict_keys(['example_weekday_branch_operator']) retrieved from /Users/kayleeyvo/opt/anaconda3/lib/python3.9/site-packages/airflow/example_dags/example_branch_day_of_week_operator.py
[2023-01-01 16:00:32,317] {logging_mixin.py:115} INFO - [2023-01-01 16:00:32,317] {dag.py:2379} INFO - Sync 1 DAGs
[2023-01-01 16:00:32,330] {logging_mixin.py:115} INFO - [2023-01-01 16:00:32,330] {dag.py:2927} INFO - Setting next_dagrun for example_weekday_branch_operator to 2023-01-01T00:00:00+00:00, run_after=2023-01-02T00:00:00+00:00
[2023-01-01 16:00:32,340] {processor.py:161} INFO - Processing /Users/kayleeyvo/opt/anaconda3/lib/python3.9/site-packages/airflow/example_dags/example_branch_day_of_week_operator.py took 0.083 seconds
[2023-01-01 16:01:38,394] {processor.py:153} INFO - Started process (PID=10481) to work on /Users/kayleeyvo/opt/anaconda3/lib/python3.9/site-packages/airflow/example_dags/example_branch_day_of_week_operator.py
[2023-01-01 16:01:38,394] {processor.py:641} INFO - Processing file /Users/kayleeyvo/opt/anaconda3/lib/python3.9/site-packages/airflow/example_dags/example_branch_day_of_week_operator.py for tasks to queue
[2023-01-01 16:01:38,395] {logging_mixin.py:115} INFO - [2023-01-01 16:01:38,395] {dagbag.py:507} INFO - Filling up the DagBag from /Users/kayleeyvo/opt/anaconda3/lib/python3.9/site-packages/airflow/example_dags/example_branch_day_of_week_operator.py
[2023-01-01 16:01:38,405] {processor.py:651} INFO - DAG(s) dict_keys(['example_weekday_branch_operator']) retrieved from /Users/kayleeyvo/opt/anaconda3/lib/python3.9/site-packages/airflow/example_dags/example_branch_day_of_week_operator.py
[2023-01-01 16:01:38,450] {logging_mixin.py:115} INFO - [2023-01-01 16:01:38,450] {dag.py:2379} INFO - Sync 1 DAGs
[2023-01-01 16:01:38,463] {logging_mixin.py:115} INFO - [2023-01-01 16:01:38,463] {dag.py:2927} INFO - Setting next_dagrun for example_weekday_branch_operator to 2023-01-01T00:00:00+00:00, run_after=2023-01-02T00:00:00+00:00
[2023-01-01 16:01:38,471] {processor.py:161} INFO - Processing /Users/kayleeyvo/opt/anaconda3/lib/python3.9/site-packages/airflow/example_dags/example_branch_day_of_week_operator.py took 0.077 seconds
[2023-01-01 16:02:40,210] {processor.py:153} INFO - Started process (PID=10571) to work on /Users/kayleeyvo/opt/anaconda3/lib/python3.9/site-packages/airflow/example_dags/example_branch_day_of_week_operator.py
[2023-01-01 16:02:40,210] {processor.py:641} INFO - Processing file /Users/kayleeyvo/opt/anaconda3/lib/python3.9/site-packages/airflow/example_dags/example_branch_day_of_week_operator.py for tasks to queue
[2023-01-01 16:02:40,211] {logging_mixin.py:115} INFO - [2023-01-01 16:02:40,211] {dagbag.py:507} INFO - Filling up the DagBag from /Users/kayleeyvo/opt/anaconda3/lib/python3.9/site-packages/airflow/example_dags/example_branch_day_of_week_operator.py
[2023-01-01 16:02:40,221] {processor.py:651} INFO - DAG(s) dict_keys(['example_weekday_branch_operator']) retrieved from /Users/kayleeyvo/opt/anaconda3/lib/python3.9/site-packages/airflow/example_dags/example_branch_day_of_week_operator.py
[2023-01-01 16:02:40,267] {logging_mixin.py:115} INFO - [2023-01-01 16:02:40,267] {dag.py:2379} INFO - Sync 1 DAGs
[2023-01-01 16:02:40,279] {logging_mixin.py:115} INFO - [2023-01-01 16:02:40,279] {dag.py:2927} INFO - Setting next_dagrun for example_weekday_branch_operator to 2023-01-01T00:00:00+00:00, run_after=2023-01-02T00:00:00+00:00
[2023-01-01 16:02:40,288] {processor.py:161} INFO - Processing /Users/kayleeyvo/opt/anaconda3/lib/python3.9/site-packages/airflow/example_dags/example_branch_day_of_week_operator.py took 0.078 seconds
[2023-01-01 16:03:40,413] {processor.py:153} INFO - Started process (PID=10658) to work on /Users/kayleeyvo/opt/anaconda3/lib/python3.9/site-packages/airflow/example_dags/example_branch_day_of_week_operator.py
[2023-01-01 16:03:40,413] {processor.py:641} INFO - Processing file /Users/kayleeyvo/opt/anaconda3/lib/python3.9/site-packages/airflow/example_dags/example_branch_day_of_week_operator.py for tasks to queue
[2023-01-01 16:03:40,414] {logging_mixin.py:115} INFO - [2023-01-01 16:03:40,414] {dagbag.py:507} INFO - Filling up the DagBag from /Users/kayleeyvo/opt/anaconda3/lib/python3.9/site-packages/airflow/example_dags/example_branch_day_of_week_operator.py
[2023-01-01 16:03:40,424] {processor.py:651} INFO - DAG(s) dict_keys(['example_weekday_branch_operator']) retrieved from /Users/kayleeyvo/opt/anaconda3/lib/python3.9/site-packages/airflow/example_dags/example_branch_day_of_week_operator.py
[2023-01-01 16:03:40,470] {logging_mixin.py:115} INFO - [2023-01-01 16:03:40,470] {dag.py:2379} INFO - Sync 1 DAGs
[2023-01-01 16:03:40,481] {logging_mixin.py:115} INFO - [2023-01-01 16:03:40,481] {dag.py:2927} INFO - Setting next_dagrun for example_weekday_branch_operator to 2023-01-01T00:00:00+00:00, run_after=2023-01-02T00:00:00+00:00
[2023-01-01 16:03:40,489] {processor.py:161} INFO - Processing /Users/kayleeyvo/opt/anaconda3/lib/python3.9/site-packages/airflow/example_dags/example_branch_day_of_week_operator.py took 0.076 seconds
