[2023-01-01 16:00:53,161] {processor.py:153} INFO - Started process (PID=10415) to work on /Users/kayleeyvo/opt/anaconda3/lib/python3.9/site-packages/airflow/example_dags/example_kubernetes_executor.py
[2023-01-01 16:00:53,161] {processor.py:641} INFO - Processing file /Users/kayleeyvo/opt/anaconda3/lib/python3.9/site-packages/airflow/example_dags/example_kubernetes_executor.py for tasks to queue
[2023-01-01 16:00:53,161] {logging_mixin.py:115} INFO - [2023-01-01 16:00:53,161] {dagbag.py:507} INFO - Filling up the DagBag from /Users/kayleeyvo/opt/anaconda3/lib/python3.9/site-packages/airflow/example_dags/example_kubernetes_executor.py
[2023-01-01 16:00:53,180] {logging_mixin.py:115} INFO - [2023-01-01 16:00:53,180] {example_kubernetes_executor.py:39} WARNING - The example_kubernetes_executor example DAG requires the kubernetes provider. Please install it with: pip install apache-airflow[cncf.kubernetes]
[2023-01-01 16:00:53,180] {processor.py:653} WARNING - No viable dags retrieved from /Users/kayleeyvo/opt/anaconda3/lib/python3.9/site-packages/airflow/example_dags/example_kubernetes_executor.py
[2023-01-01 16:00:53,213] {processor.py:161} INFO - Processing /Users/kayleeyvo/opt/anaconda3/lib/python3.9/site-packages/airflow/example_dags/example_kubernetes_executor.py took 0.053 seconds
[2023-01-01 16:01:56,982] {processor.py:153} INFO - Started process (PID=10513) to work on /Users/kayleeyvo/opt/anaconda3/lib/python3.9/site-packages/airflow/example_dags/example_kubernetes_executor.py
[2023-01-01 16:01:56,983] {processor.py:641} INFO - Processing file /Users/kayleeyvo/opt/anaconda3/lib/python3.9/site-packages/airflow/example_dags/example_kubernetes_executor.py for tasks to queue
[2023-01-01 16:01:56,983] {logging_mixin.py:115} INFO - [2023-01-01 16:01:56,983] {dagbag.py:507} INFO - Filling up the DagBag from /Users/kayleeyvo/opt/anaconda3/lib/python3.9/site-packages/airflow/example_dags/example_kubernetes_executor.py
[2023-01-01 16:01:57,001] {logging_mixin.py:115} INFO - [2023-01-01 16:01:57,001] {example_kubernetes_executor.py:39} WARNING - The example_kubernetes_executor example DAG requires the kubernetes provider. Please install it with: pip install apache-airflow[cncf.kubernetes]
[2023-01-01 16:01:57,001] {processor.py:653} WARNING - No viable dags retrieved from /Users/kayleeyvo/opt/anaconda3/lib/python3.9/site-packages/airflow/example_dags/example_kubernetes_executor.py
[2023-01-01 16:01:57,032] {processor.py:161} INFO - Processing /Users/kayleeyvo/opt/anaconda3/lib/python3.9/site-packages/airflow/example_dags/example_kubernetes_executor.py took 0.050 seconds
[2023-01-01 16:02:56,999] {processor.py:153} INFO - Started process (PID=10597) to work on /Users/kayleeyvo/opt/anaconda3/lib/python3.9/site-packages/airflow/example_dags/example_kubernetes_executor.py
[2023-01-01 16:02:57,000] {processor.py:641} INFO - Processing file /Users/kayleeyvo/opt/anaconda3/lib/python3.9/site-packages/airflow/example_dags/example_kubernetes_executor.py for tasks to queue
[2023-01-01 16:02:57,000] {logging_mixin.py:115} INFO - [2023-01-01 16:02:57,000] {dagbag.py:507} INFO - Filling up the DagBag from /Users/kayleeyvo/opt/anaconda3/lib/python3.9/site-packages/airflow/example_dags/example_kubernetes_executor.py
[2023-01-01 16:02:57,017] {logging_mixin.py:115} INFO - [2023-01-01 16:02:57,017] {example_kubernetes_executor.py:39} WARNING - The example_kubernetes_executor example DAG requires the kubernetes provider. Please install it with: pip install apache-airflow[cncf.kubernetes]
[2023-01-01 16:02:57,017] {processor.py:653} WARNING - No viable dags retrieved from /Users/kayleeyvo/opt/anaconda3/lib/python3.9/site-packages/airflow/example_dags/example_kubernetes_executor.py
[2023-01-01 16:02:57,047] {processor.py:161} INFO - Processing /Users/kayleeyvo/opt/anaconda3/lib/python3.9/site-packages/airflow/example_dags/example_kubernetes_executor.py took 0.048 seconds
[2023-01-01 16:03:57,553] {processor.py:153} INFO - Started process (PID=10685) to work on /Users/kayleeyvo/opt/anaconda3/lib/python3.9/site-packages/airflow/example_dags/example_kubernetes_executor.py
[2023-01-01 16:03:57,553] {processor.py:641} INFO - Processing file /Users/kayleeyvo/opt/anaconda3/lib/python3.9/site-packages/airflow/example_dags/example_kubernetes_executor.py for tasks to queue
[2023-01-01 16:03:57,554] {logging_mixin.py:115} INFO - [2023-01-01 16:03:57,554] {dagbag.py:507} INFO - Filling up the DagBag from /Users/kayleeyvo/opt/anaconda3/lib/python3.9/site-packages/airflow/example_dags/example_kubernetes_executor.py
[2023-01-01 16:03:57,571] {logging_mixin.py:115} INFO - [2023-01-01 16:03:57,571] {example_kubernetes_executor.py:39} WARNING - The example_kubernetes_executor example DAG requires the kubernetes provider. Please install it with: pip install apache-airflow[cncf.kubernetes]
[2023-01-01 16:03:57,571] {processor.py:653} WARNING - No viable dags retrieved from /Users/kayleeyvo/opt/anaconda3/lib/python3.9/site-packages/airflow/example_dags/example_kubernetes_executor.py
[2023-01-01 16:03:57,602] {processor.py:161} INFO - Processing /Users/kayleeyvo/opt/anaconda3/lib/python3.9/site-packages/airflow/example_dags/example_kubernetes_executor.py took 0.049 seconds
