[2023-01-01 16:01:02,381] {processor.py:153} INFO - Started process (PID=10429) to work on /Users/kayleeyvo/opt/anaconda3/lib/python3.9/site-packages/airflow/example_dags/example_branch_operator_decorator.py
[2023-01-01 16:01:02,382] {processor.py:641} INFO - Processing file /Users/kayleeyvo/opt/anaconda3/lib/python3.9/site-packages/airflow/example_dags/example_branch_operator_decorator.py for tasks to queue
[2023-01-01 16:01:02,382] {logging_mixin.py:115} INFO - [2023-01-01 16:01:02,382] {dagbag.py:507} INFO - Filling up the DagBag from /Users/kayleeyvo/opt/anaconda3/lib/python3.9/site-packages/airflow/example_dags/example_branch_operator_decorator.py
[2023-01-01 16:01:02,409] {processor.py:651} INFO - DAG(s) dict_keys(['example_branch_python_operator_decorator']) retrieved from /Users/kayleeyvo/opt/anaconda3/lib/python3.9/site-packages/airflow/example_dags/example_branch_operator_decorator.py
[2023-01-01 16:01:02,457] {logging_mixin.py:115} INFO - [2023-01-01 16:01:02,457] {dag.py:2379} INFO - Sync 1 DAGs
[2023-01-01 16:01:02,468] {logging_mixin.py:115} INFO - [2023-01-01 16:01:02,468] {dag.py:2927} INFO - Setting next_dagrun for example_branch_python_operator_decorator to 2023-01-01T00:00:00+00:00, run_after=2023-01-02T00:00:00+00:00
[2023-01-01 16:01:02,477] {processor.py:161} INFO - Processing /Users/kayleeyvo/opt/anaconda3/lib/python3.9/site-packages/airflow/example_dags/example_branch_operator_decorator.py took 0.096 seconds
[2023-01-01 16:02:06,605] {processor.py:153} INFO - Started process (PID=10526) to work on /Users/kayleeyvo/opt/anaconda3/lib/python3.9/site-packages/airflow/example_dags/example_branch_operator_decorator.py
[2023-01-01 16:02:06,605] {processor.py:641} INFO - Processing file /Users/kayleeyvo/opt/anaconda3/lib/python3.9/site-packages/airflow/example_dags/example_branch_operator_decorator.py for tasks to queue
[2023-01-01 16:02:06,605] {logging_mixin.py:115} INFO - [2023-01-01 16:02:06,605] {dagbag.py:507} INFO - Filling up the DagBag from /Users/kayleeyvo/opt/anaconda3/lib/python3.9/site-packages/airflow/example_dags/example_branch_operator_decorator.py
[2023-01-01 16:02:06,632] {processor.py:651} INFO - DAG(s) dict_keys(['example_branch_python_operator_decorator']) retrieved from /Users/kayleeyvo/opt/anaconda3/lib/python3.9/site-packages/airflow/example_dags/example_branch_operator_decorator.py
[2023-01-01 16:02:06,680] {logging_mixin.py:115} INFO - [2023-01-01 16:02:06,680] {dag.py:2379} INFO - Sync 1 DAGs
[2023-01-01 16:02:06,692] {logging_mixin.py:115} INFO - [2023-01-01 16:02:06,692] {dag.py:2927} INFO - Setting next_dagrun for example_branch_python_operator_decorator to 2023-01-01T00:00:00+00:00, run_after=2023-01-02T00:00:00+00:00
[2023-01-01 16:02:06,701] {processor.py:161} INFO - Processing /Users/kayleeyvo/opt/anaconda3/lib/python3.9/site-packages/airflow/example_dags/example_branch_operator_decorator.py took 0.097 seconds
[2023-01-01 16:03:05,967] {processor.py:153} INFO - Started process (PID=10611) to work on /Users/kayleeyvo/opt/anaconda3/lib/python3.9/site-packages/airflow/example_dags/example_branch_operator_decorator.py
[2023-01-01 16:03:05,967] {processor.py:641} INFO - Processing file /Users/kayleeyvo/opt/anaconda3/lib/python3.9/site-packages/airflow/example_dags/example_branch_operator_decorator.py for tasks to queue
[2023-01-01 16:03:05,967] {logging_mixin.py:115} INFO - [2023-01-01 16:03:05,967] {dagbag.py:507} INFO - Filling up the DagBag from /Users/kayleeyvo/opt/anaconda3/lib/python3.9/site-packages/airflow/example_dags/example_branch_operator_decorator.py
[2023-01-01 16:03:05,992] {processor.py:651} INFO - DAG(s) dict_keys(['example_branch_python_operator_decorator']) retrieved from /Users/kayleeyvo/opt/anaconda3/lib/python3.9/site-packages/airflow/example_dags/example_branch_operator_decorator.py
[2023-01-01 16:03:06,040] {logging_mixin.py:115} INFO - [2023-01-01 16:03:06,039] {dag.py:2379} INFO - Sync 1 DAGs
[2023-01-01 16:03:06,051] {logging_mixin.py:115} INFO - [2023-01-01 16:03:06,051] {dag.py:2927} INFO - Setting next_dagrun for example_branch_python_operator_decorator to 2023-01-01T00:00:00+00:00, run_after=2023-01-02T00:00:00+00:00
[2023-01-01 16:03:06,064] {processor.py:161} INFO - Processing /Users/kayleeyvo/opt/anaconda3/lib/python3.9/site-packages/airflow/example_dags/example_branch_operator_decorator.py took 0.098 seconds
[2023-01-01 16:04:05,924] {processor.py:153} INFO - Started process (PID=10695) to work on /Users/kayleeyvo/opt/anaconda3/lib/python3.9/site-packages/airflow/example_dags/example_branch_operator_decorator.py
[2023-01-01 16:04:05,924] {processor.py:641} INFO - Processing file /Users/kayleeyvo/opt/anaconda3/lib/python3.9/site-packages/airflow/example_dags/example_branch_operator_decorator.py for tasks to queue
[2023-01-01 16:04:05,924] {logging_mixin.py:115} INFO - [2023-01-01 16:04:05,924] {dagbag.py:507} INFO - Filling up the DagBag from /Users/kayleeyvo/opt/anaconda3/lib/python3.9/site-packages/airflow/example_dags/example_branch_operator_decorator.py
[2023-01-01 16:04:05,950] {processor.py:651} INFO - DAG(s) dict_keys(['example_branch_python_operator_decorator']) retrieved from /Users/kayleeyvo/opt/anaconda3/lib/python3.9/site-packages/airflow/example_dags/example_branch_operator_decorator.py
[2023-01-01 16:04:05,998] {logging_mixin.py:115} INFO - [2023-01-01 16:04:05,998] {dag.py:2379} INFO - Sync 1 DAGs
[2023-01-01 16:04:06,010] {logging_mixin.py:115} INFO - [2023-01-01 16:04:06,010] {dag.py:2927} INFO - Setting next_dagrun for example_branch_python_operator_decorator to 2023-01-01T00:00:00+00:00, run_after=2023-01-02T00:00:00+00:00
[2023-01-01 16:04:06,018] {processor.py:161} INFO - Processing /Users/kayleeyvo/opt/anaconda3/lib/python3.9/site-packages/airflow/example_dags/example_branch_operator_decorator.py took 0.095 seconds
