[2023-01-01 16:00:33,851] {processor.py:153} INFO - Started process (PID=10388) to work on /Users/kayleeyvo/opt/anaconda3/lib/python3.9/site-packages/airflow/example_dags/example_branch_datetime_operator.py
[2023-01-01 16:00:33,851] {processor.py:641} INFO - Processing file /Users/kayleeyvo/opt/anaconda3/lib/python3.9/site-packages/airflow/example_dags/example_branch_datetime_operator.py for tasks to queue
[2023-01-01 16:00:33,851] {logging_mixin.py:115} INFO - [2023-01-01 16:00:33,851] {dagbag.py:507} INFO - Filling up the DagBag from /Users/kayleeyvo/opt/anaconda3/lib/python3.9/site-packages/airflow/example_dags/example_branch_datetime_operator.py
[2023-01-01 16:00:33,865] {processor.py:651} INFO - DAG(s) dict_keys(['example_branch_datetime_operator_2']) retrieved from /Users/kayleeyvo/opt/anaconda3/lib/python3.9/site-packages/airflow/example_dags/example_branch_datetime_operator.py
[2023-01-01 16:00:33,916] {logging_mixin.py:115} INFO - [2023-01-01 16:00:33,916] {dag.py:2379} INFO - Sync 1 DAGs
[2023-01-01 16:00:33,928] {logging_mixin.py:115} INFO - [2023-01-01 16:00:33,928] {dag.py:2927} INFO - Setting next_dagrun for example_branch_datetime_operator_2 to 2023-01-01T00:00:00+00:00, run_after=2023-01-02T00:00:00+00:00
[2023-01-01 16:00:33,938] {processor.py:161} INFO - Processing /Users/kayleeyvo/opt/anaconda3/lib/python3.9/site-packages/airflow/example_dags/example_branch_datetime_operator.py took 0.088 seconds
[2023-01-01 16:01:39,864] {processor.py:153} INFO - Started process (PID=10482) to work on /Users/kayleeyvo/opt/anaconda3/lib/python3.9/site-packages/airflow/example_dags/example_branch_datetime_operator.py
[2023-01-01 16:01:39,865] {processor.py:641} INFO - Processing file /Users/kayleeyvo/opt/anaconda3/lib/python3.9/site-packages/airflow/example_dags/example_branch_datetime_operator.py for tasks to queue
[2023-01-01 16:01:39,865] {logging_mixin.py:115} INFO - [2023-01-01 16:01:39,865] {dagbag.py:507} INFO - Filling up the DagBag from /Users/kayleeyvo/opt/anaconda3/lib/python3.9/site-packages/airflow/example_dags/example_branch_datetime_operator.py
[2023-01-01 16:01:39,874] {processor.py:651} INFO - DAG(s) dict_keys(['example_branch_datetime_operator_2']) retrieved from /Users/kayleeyvo/opt/anaconda3/lib/python3.9/site-packages/airflow/example_dags/example_branch_datetime_operator.py
[2023-01-01 16:01:39,922] {logging_mixin.py:115} INFO - [2023-01-01 16:01:39,922] {dag.py:2379} INFO - Sync 1 DAGs
[2023-01-01 16:01:39,935] {logging_mixin.py:115} INFO - [2023-01-01 16:01:39,935] {dag.py:2927} INFO - Setting next_dagrun for example_branch_datetime_operator_2 to 2023-01-01T00:00:00+00:00, run_after=2023-01-02T00:00:00+00:00
[2023-01-01 16:01:39,943] {processor.py:161} INFO - Processing /Users/kayleeyvo/opt/anaconda3/lib/python3.9/site-packages/airflow/example_dags/example_branch_datetime_operator.py took 0.079 seconds
[2023-01-01 16:02:41,689] {processor.py:153} INFO - Started process (PID=10574) to work on /Users/kayleeyvo/opt/anaconda3/lib/python3.9/site-packages/airflow/example_dags/example_branch_datetime_operator.py
[2023-01-01 16:02:41,689] {processor.py:641} INFO - Processing file /Users/kayleeyvo/opt/anaconda3/lib/python3.9/site-packages/airflow/example_dags/example_branch_datetime_operator.py for tasks to queue
[2023-01-01 16:02:41,690] {logging_mixin.py:115} INFO - [2023-01-01 16:02:41,690] {dagbag.py:507} INFO - Filling up the DagBag from /Users/kayleeyvo/opt/anaconda3/lib/python3.9/site-packages/airflow/example_dags/example_branch_datetime_operator.py
[2023-01-01 16:02:41,700] {processor.py:651} INFO - DAG(s) dict_keys(['example_branch_datetime_operator_2']) retrieved from /Users/kayleeyvo/opt/anaconda3/lib/python3.9/site-packages/airflow/example_dags/example_branch_datetime_operator.py
[2023-01-01 16:02:41,746] {logging_mixin.py:115} INFO - [2023-01-01 16:02:41,746] {dag.py:2379} INFO - Sync 1 DAGs
[2023-01-01 16:02:41,757] {logging_mixin.py:115} INFO - [2023-01-01 16:02:41,757] {dag.py:2927} INFO - Setting next_dagrun for example_branch_datetime_operator_2 to 2023-01-01T00:00:00+00:00, run_after=2023-01-02T00:00:00+00:00
[2023-01-01 16:02:41,766] {processor.py:161} INFO - Processing /Users/kayleeyvo/opt/anaconda3/lib/python3.9/site-packages/airflow/example_dags/example_branch_datetime_operator.py took 0.077 seconds
[2023-01-01 16:03:41,811] {processor.py:153} INFO - Started process (PID=10661) to work on /Users/kayleeyvo/opt/anaconda3/lib/python3.9/site-packages/airflow/example_dags/example_branch_datetime_operator.py
[2023-01-01 16:03:41,811] {processor.py:641} INFO - Processing file /Users/kayleeyvo/opt/anaconda3/lib/python3.9/site-packages/airflow/example_dags/example_branch_datetime_operator.py for tasks to queue
[2023-01-01 16:03:41,811] {logging_mixin.py:115} INFO - [2023-01-01 16:03:41,811] {dagbag.py:507} INFO - Filling up the DagBag from /Users/kayleeyvo/opt/anaconda3/lib/python3.9/site-packages/airflow/example_dags/example_branch_datetime_operator.py
[2023-01-01 16:03:41,822] {processor.py:651} INFO - DAG(s) dict_keys(['example_branch_datetime_operator_2']) retrieved from /Users/kayleeyvo/opt/anaconda3/lib/python3.9/site-packages/airflow/example_dags/example_branch_datetime_operator.py
[2023-01-01 16:03:41,868] {logging_mixin.py:115} INFO - [2023-01-01 16:03:41,868] {dag.py:2379} INFO - Sync 1 DAGs
[2023-01-01 16:03:41,880] {logging_mixin.py:115} INFO - [2023-01-01 16:03:41,880] {dag.py:2927} INFO - Setting next_dagrun for example_branch_datetime_operator_2 to 2023-01-01T00:00:00+00:00, run_after=2023-01-02T00:00:00+00:00
[2023-01-01 16:03:41,888] {processor.py:161} INFO - Processing /Users/kayleeyvo/opt/anaconda3/lib/python3.9/site-packages/airflow/example_dags/example_branch_datetime_operator.py took 0.078 seconds
