[2023-01-01 16:00:28,706] {processor.py:153} INFO - Started process (PID=10381) to work on /Users/kayleeyvo/opt/anaconda3/lib/python3.9/site-packages/airflow/example_dags/example_subdag_operator.py
[2023-01-01 16:00:28,707] {processor.py:641} INFO - Processing file /Users/kayleeyvo/opt/anaconda3/lib/python3.9/site-packages/airflow/example_dags/example_subdag_operator.py for tasks to queue
[2023-01-01 16:00:28,707] {logging_mixin.py:115} INFO - [2023-01-01 16:00:28,707] {dagbag.py:507} INFO - Filling up the DagBag from /Users/kayleeyvo/opt/anaconda3/lib/python3.9/site-packages/airflow/example_dags/example_subdag_operator.py
[2023-01-01 16:00:28,748] {processor.py:651} INFO - DAG(s) dict_keys(['example_subdag_operator.section-1', 'example_subdag_operator.section-2', 'example_subdag_operator']) retrieved from /Users/kayleeyvo/opt/anaconda3/lib/python3.9/site-packages/airflow/example_dags/example_subdag_operator.py
[2023-01-01 16:00:28,788] {logging_mixin.py:115} INFO - [2023-01-01 16:00:28,788] {dag.py:2379} INFO - Sync 3 DAGs
[2023-01-01 16:00:28,798] {logging_mixin.py:115} INFO - [2023-01-01 16:00:28,798] {dag.py:2927} INFO - Setting next_dagrun for example_subdag_operator to 2022-01-01T00:00:00+00:00, run_after=2022-01-01T00:00:00+00:00
[2023-01-01 16:00:28,799] {logging_mixin.py:115} INFO - [2023-01-01 16:00:28,799] {dag.py:2927} INFO - Setting next_dagrun for example_subdag_operator.section-1 to None, run_after=None
[2023-01-01 16:00:28,799] {logging_mixin.py:115} INFO - [2023-01-01 16:00:28,799] {dag.py:2927} INFO - Setting next_dagrun for example_subdag_operator.section-2 to None, run_after=None
[2023-01-01 16:00:28,802] {logging_mixin.py:115} INFO - [2023-01-01 16:00:28,802] {dag.py:2379} INFO - Sync 2 DAGs
[2023-01-01 16:00:28,804] {logging_mixin.py:115} INFO - [2023-01-01 16:00:28,804] {dag.py:2927} INFO - Setting next_dagrun for example_subdag_operator.section-1 to None, run_after=None
[2023-01-01 16:00:28,805] {logging_mixin.py:115} INFO - [2023-01-01 16:00:28,804] {dag.py:2927} INFO - Setting next_dagrun for example_subdag_operator.section-2 to None, run_after=None
[2023-01-01 16:00:28,811] {processor.py:161} INFO - Processing /Users/kayleeyvo/opt/anaconda3/lib/python3.9/site-packages/airflow/example_dags/example_subdag_operator.py took 0.105 seconds
[2023-01-01 16:01:34,856] {processor.py:153} INFO - Started process (PID=10475) to work on /Users/kayleeyvo/opt/anaconda3/lib/python3.9/site-packages/airflow/example_dags/example_subdag_operator.py
[2023-01-01 16:01:34,857] {processor.py:641} INFO - Processing file /Users/kayleeyvo/opt/anaconda3/lib/python3.9/site-packages/airflow/example_dags/example_subdag_operator.py for tasks to queue
[2023-01-01 16:01:34,857] {logging_mixin.py:115} INFO - [2023-01-01 16:01:34,857] {dagbag.py:507} INFO - Filling up the DagBag from /Users/kayleeyvo/opt/anaconda3/lib/python3.9/site-packages/airflow/example_dags/example_subdag_operator.py
[2023-01-01 16:01:34,899] {processor.py:651} INFO - DAG(s) dict_keys(['example_subdag_operator.section-1', 'example_subdag_operator.section-2', 'example_subdag_operator']) retrieved from /Users/kayleeyvo/opt/anaconda3/lib/python3.9/site-packages/airflow/example_dags/example_subdag_operator.py
[2023-01-01 16:01:34,941] {logging_mixin.py:115} INFO - [2023-01-01 16:01:34,940] {dag.py:2379} INFO - Sync 3 DAGs
[2023-01-01 16:01:34,950] {logging_mixin.py:115} INFO - [2023-01-01 16:01:34,950] {dag.py:2927} INFO - Setting next_dagrun for example_subdag_operator to 2022-01-01T00:00:00+00:00, run_after=2022-01-01T00:00:00+00:00
[2023-01-01 16:01:34,951] {logging_mixin.py:115} INFO - [2023-01-01 16:01:34,951] {dag.py:2927} INFO - Setting next_dagrun for example_subdag_operator.section-1 to None, run_after=None
[2023-01-01 16:01:34,951] {logging_mixin.py:115} INFO - [2023-01-01 16:01:34,951] {dag.py:2927} INFO - Setting next_dagrun for example_subdag_operator.section-2 to None, run_after=None
[2023-01-01 16:01:34,954] {logging_mixin.py:115} INFO - [2023-01-01 16:01:34,954] {dag.py:2379} INFO - Sync 2 DAGs
[2023-01-01 16:01:34,957] {logging_mixin.py:115} INFO - [2023-01-01 16:01:34,957] {dag.py:2927} INFO - Setting next_dagrun for example_subdag_operator.section-1 to None, run_after=None
[2023-01-01 16:01:34,957] {logging_mixin.py:115} INFO - [2023-01-01 16:01:34,957] {dag.py:2927} INFO - Setting next_dagrun for example_subdag_operator.section-2 to None, run_after=None
[2023-01-01 16:01:34,963] {processor.py:161} INFO - Processing /Users/kayleeyvo/opt/anaconda3/lib/python3.9/site-packages/airflow/example_dags/example_subdag_operator.py took 0.107 seconds
[2023-01-01 16:02:37,696] {processor.py:153} INFO - Started process (PID=10569) to work on /Users/kayleeyvo/opt/anaconda3/lib/python3.9/site-packages/airflow/example_dags/example_subdag_operator.py
[2023-01-01 16:02:37,696] {processor.py:641} INFO - Processing file /Users/kayleeyvo/opt/anaconda3/lib/python3.9/site-packages/airflow/example_dags/example_subdag_operator.py for tasks to queue
[2023-01-01 16:02:37,696] {logging_mixin.py:115} INFO - [2023-01-01 16:02:37,696] {dagbag.py:507} INFO - Filling up the DagBag from /Users/kayleeyvo/opt/anaconda3/lib/python3.9/site-packages/airflow/example_dags/example_subdag_operator.py
[2023-01-01 16:02:37,738] {processor.py:651} INFO - DAG(s) dict_keys(['example_subdag_operator.section-1', 'example_subdag_operator.section-2', 'example_subdag_operator']) retrieved from /Users/kayleeyvo/opt/anaconda3/lib/python3.9/site-packages/airflow/example_dags/example_subdag_operator.py
[2023-01-01 16:02:37,779] {logging_mixin.py:115} INFO - [2023-01-01 16:02:37,779] {dag.py:2379} INFO - Sync 3 DAGs
[2023-01-01 16:02:37,789] {logging_mixin.py:115} INFO - [2023-01-01 16:02:37,789] {dag.py:2927} INFO - Setting next_dagrun for example_subdag_operator to 2022-01-01T00:00:00+00:00, run_after=2022-01-01T00:00:00+00:00
[2023-01-01 16:02:37,789] {logging_mixin.py:115} INFO - [2023-01-01 16:02:37,789] {dag.py:2927} INFO - Setting next_dagrun for example_subdag_operator.section-1 to None, run_after=None
[2023-01-01 16:02:37,789] {logging_mixin.py:115} INFO - [2023-01-01 16:02:37,789] {dag.py:2927} INFO - Setting next_dagrun for example_subdag_operator.section-2 to None, run_after=None
[2023-01-01 16:02:37,793] {logging_mixin.py:115} INFO - [2023-01-01 16:02:37,793] {dag.py:2379} INFO - Sync 2 DAGs
[2023-01-01 16:02:37,795] {logging_mixin.py:115} INFO - [2023-01-01 16:02:37,795] {dag.py:2927} INFO - Setting next_dagrun for example_subdag_operator.section-1 to None, run_after=None
[2023-01-01 16:02:37,795] {logging_mixin.py:115} INFO - [2023-01-01 16:02:37,795] {dag.py:2927} INFO - Setting next_dagrun for example_subdag_operator.section-2 to None, run_after=None
[2023-01-01 16:02:37,802] {processor.py:161} INFO - Processing /Users/kayleeyvo/opt/anaconda3/lib/python3.9/site-packages/airflow/example_dags/example_subdag_operator.py took 0.107 seconds
[2023-01-01 16:03:36,817] {processor.py:153} INFO - Started process (PID=10654) to work on /Users/kayleeyvo/opt/anaconda3/lib/python3.9/site-packages/airflow/example_dags/example_subdag_operator.py
[2023-01-01 16:03:36,817] {processor.py:641} INFO - Processing file /Users/kayleeyvo/opt/anaconda3/lib/python3.9/site-packages/airflow/example_dags/example_subdag_operator.py for tasks to queue
[2023-01-01 16:03:36,818] {logging_mixin.py:115} INFO - [2023-01-01 16:03:36,818] {dagbag.py:507} INFO - Filling up the DagBag from /Users/kayleeyvo/opt/anaconda3/lib/python3.9/site-packages/airflow/example_dags/example_subdag_operator.py
[2023-01-01 16:03:36,858] {processor.py:651} INFO - DAG(s) dict_keys(['example_subdag_operator.section-1', 'example_subdag_operator.section-2', 'example_subdag_operator']) retrieved from /Users/kayleeyvo/opt/anaconda3/lib/python3.9/site-packages/airflow/example_dags/example_subdag_operator.py
[2023-01-01 16:03:36,900] {logging_mixin.py:115} INFO - [2023-01-01 16:03:36,900] {dag.py:2379} INFO - Sync 3 DAGs
[2023-01-01 16:03:36,911] {logging_mixin.py:115} INFO - [2023-01-01 16:03:36,910] {dag.py:2927} INFO - Setting next_dagrun for example_subdag_operator to 2022-01-01T00:00:00+00:00, run_after=2022-01-01T00:00:00+00:00
[2023-01-01 16:03:36,911] {logging_mixin.py:115} INFO - [2023-01-01 16:03:36,911] {dag.py:2927} INFO - Setting next_dagrun for example_subdag_operator.section-1 to None, run_after=None
[2023-01-01 16:03:36,911] {logging_mixin.py:115} INFO - [2023-01-01 16:03:36,911] {dag.py:2927} INFO - Setting next_dagrun for example_subdag_operator.section-2 to None, run_after=None
[2023-01-01 16:03:36,914] {logging_mixin.py:115} INFO - [2023-01-01 16:03:36,914] {dag.py:2379} INFO - Sync 2 DAGs
[2023-01-01 16:03:36,916] {logging_mixin.py:115} INFO - [2023-01-01 16:03:36,916] {dag.py:2927} INFO - Setting next_dagrun for example_subdag_operator.section-1 to None, run_after=None
[2023-01-01 16:03:36,917] {logging_mixin.py:115} INFO - [2023-01-01 16:03:36,917] {dag.py:2927} INFO - Setting next_dagrun for example_subdag_operator.section-2 to None, run_after=None
[2023-01-01 16:03:36,923] {processor.py:161} INFO - Processing /Users/kayleeyvo/opt/anaconda3/lib/python3.9/site-packages/airflow/example_dags/example_subdag_operator.py took 0.107 seconds
