

============================== 2022-12-31 07:10:33.185718 | 8d67324b-40c1-4cc8-a89e-8059c1bd8cee ==============================
[0m07:10:33.185729 [info ] [MainThread]: Running with dbt=1.3.1
[0m07:10:33.186033 [debug] [MainThread]: running dbt with arguments {'write_json': True, 'use_colors': True, 'printer_width': 80, 'version_check': True, 'partial_parse': True, 'static_parser': True, 'profiles_dir': '/Users/kayleeyvo/.dbt', 'send_anonymous_usage_stats': True, 'event_buffer_size': 100000, 'quiet': False, 'no_print': False, 'skip_profile_setup': False, 'which': 'init', 'indirect_selection': 'eager'}
[0m07:10:33.186188 [debug] [MainThread]: Tracking: tracking
[0m07:10:33.197712 [debug] [MainThread]: Sending event: {'category': 'dbt', 'action': 'invocation', 'label': 'start', 'context': [<snowplow_tracker.self_describing_json.SelfDescribingJson object at 0x10a21afd0>, <snowplow_tracker.self_describing_json.SelfDescribingJson object at 0x10a261220>, <snowplow_tracker.self_describing_json.SelfDescribingJson object at 0x10a261370>]}
[0m07:10:38.368525 [debug] [MainThread]: Starter project path: /usr/local/Cellar/dbt-postgres/1.3.1/libexec/lib/python3.9/site-packages/dbt/include/starter_project
[0m07:10:45.312785 [info ] [MainThread]: 
Your new dbt project "my_project" was created!

For more information on how to configure the profiles.yml file,
please consult the dbt documentation here:

  https://docs.getdbt.com/docs/configure-your-profile

One more thing:

Need help? Don't hesitate to reach out to us via GitHub issues or on Slack:

  https://community.getdbt.com/

Happy modeling!

[0m07:10:45.313251 [debug] [MainThread]: Sending event: {'category': 'dbt', 'action': 'invocation', 'label': 'end', 'context': [<snowplow_tracker.self_describing_json.SelfDescribingJson object at 0x10a21afd0>, <snowplow_tracker.self_describing_json.SelfDescribingJson object at 0x10a267760>, <snowplow_tracker.self_describing_json.SelfDescribingJson object at 0x10a267ac0>]}
[0m07:10:45.313546 [debug] [MainThread]: Flushing usage events


============================== 2022-12-31 07:10:59.616057 | 81a4431b-2ee3-4d82-9aa0-d86ae37a992f ==============================
[0m07:10:59.616066 [info ] [MainThread]: Running with dbt=1.3.1
[0m07:10:59.616361 [debug] [MainThread]: running dbt with arguments {'write_json': True, 'use_colors': True, 'printer_width': 80, 'version_check': True, 'partial_parse': True, 'static_parser': True, 'profiles_dir': '/Users/kayleeyvo/.dbt', 'send_anonymous_usage_stats': True, 'event_buffer_size': 100000, 'quiet': False, 'no_print': False, 'config_dir': False, 'which': 'debug', 'indirect_selection': 'eager'}
[0m07:10:59.616483 [debug] [MainThread]: Tracking: tracking
[0m07:10:59.626403 [debug] [MainThread]: Sending event: {'category': 'dbt', 'action': 'invocation', 'label': 'start', 'context': [<snowplow_tracker.self_describing_json.SelfDescribingJson object at 0x10f7b1fd0>, <snowplow_tracker.self_describing_json.SelfDescribingJson object at 0x10f7e8220>, <snowplow_tracker.self_describing_json.SelfDescribingJson object at 0x10f7e83a0>]}
[0m07:10:59.667971 [debug] [MainThread]: Executing "git --help"
[0m07:10:59.676610 [debug] [MainThread]: STDOUT: "b"usage: git [-v | --version] [-h | --help] [-C <path>] [-c <name>=<value>]\n           [--exec-path[=<path>]] [--html-path] [--man-path] [--info-path]\n           [-p | --paginate | -P | --no-pager] [--no-replace-objects] [--bare]\n           [--git-dir=<path>] [--work-tree=<path>] [--namespace=<name>]\n           [--super-prefix=<path>] [--config-env=<name>=<envvar>]\n           <command> [<args>]\n\nThese are common Git commands used in various situations:\n\nstart a working area (see also: git help tutorial)\n   clone     Clone a repository into a new directory\n   init      Create an empty Git repository or reinitialize an existing one\n\nwork on the current change (see also: git help everyday)\n   add       Add file contents to the index\n   mv        Move or rename a file, a directory, or a symlink\n   restore   Restore working tree files\n   rm        Remove files from the working tree and from the index\n\nexamine the history and state (see also: git help revisions)\n   bisect    Use binary search to find the commit that introduced a bug\n   diff      Show changes between commits, commit and working tree, etc\n   grep      Print lines matching a pattern\n   log       Show commit logs\n   show      Show various types of objects\n   status    Show the working tree status\n\ngrow, mark and tweak your common history\n   branch    List, create, or delete branches\n   commit    Record changes to the repository\n   merge     Join two or more development histories together\n   rebase    Reapply commits on top of another base tip\n   reset     Reset current HEAD to the specified state\n   switch    Switch branches\n   tag       Create, list, delete or verify a tag object signed with GPG\n\ncollaborate (see also: git help workflows)\n   fetch     Download objects and refs from another repository\n   pull      Fetch from and integrate with another repository or a local branch\n   push      Update remote refs along with associated objects\n\n'git help -a' and 'git help -g' list available subcommands and some\nconcept guides. See 'git help <command>' or 'git help <concept>'\nto read about a specific subcommand or concept.\nSee 'git help git' for an overview of the system.\n""
[0m07:10:59.677360 [debug] [MainThread]: STDERR: "b''"
[0m07:10:59.678158 [debug] [MainThread]: Sending event: {'category': 'dbt', 'action': 'invocation', 'label': 'end', 'context': [<snowplow_tracker.self_describing_json.SelfDescribingJson object at 0x10f7ee790>, <snowplow_tracker.self_describing_json.SelfDescribingJson object at 0x10fa99580>, <snowplow_tracker.self_describing_json.SelfDescribingJson object at 0x10fa93bb0>]}
[0m07:10:59.678724 [debug] [MainThread]: Flushing usage events
