[2023-01-01 03:33:55,910] {taskinstance.py:1159} INFO - Dependencies all met for <TaskInstance: dbt_example.model.my_project.my_first_dbt_model manual__2023-01-01T11:33:52.445964+00:00 [queued]>
[2023-01-01 03:33:55,915] {taskinstance.py:1159} INFO - Dependencies all met for <TaskInstance: dbt_example.model.my_project.my_first_dbt_model manual__2023-01-01T11:33:52.445964+00:00 [queued]>
[2023-01-01 03:33:55,915] {taskinstance.py:1356} INFO - 
--------------------------------------------------------------------------------
[2023-01-01 03:33:55,916] {taskinstance.py:1357} INFO - Starting attempt 1 of 1
[2023-01-01 03:33:55,916] {taskinstance.py:1358} INFO - 
--------------------------------------------------------------------------------
[2023-01-01 03:33:55,924] {taskinstance.py:1377} INFO - Executing <Task(BashOperator): model.my_project.my_first_dbt_model> on 2023-01-01 11:33:52.445964+00:00
[2023-01-01 03:33:55,926] {standard_task_runner.py:52} INFO - Started process 3632 to run task
[2023-01-01 03:33:55,931] {standard_task_runner.py:79} INFO - Running: ['airflow', 'tasks', 'run', 'dbt_example', 'model.my_project.my_first_dbt_model', 'manual__2023-01-01T11:33:52.445964+00:00', '--job-id', '55', '--raw', '--subdir', 'DAGS_FOLDER/dbt_example.py', '--cfg-path', '/var/folders/7s/852sy8qx6lx4d2xxm8yv15sw0000gn/T/tmpcwaem0ql', '--error-file', '/var/folders/7s/852sy8qx6lx4d2xxm8yv15sw0000gn/T/tmpodqe8o0s']
[2023-01-01 03:33:55,933] {standard_task_runner.py:80} INFO - Job 55: Subtask model.my_project.my_first_dbt_model
[2023-01-01 03:33:55,968] {task_command.py:370} INFO - Running <TaskInstance: dbt_example.model.my_project.my_first_dbt_model manual__2023-01-01T11:33:52.445964+00:00 [running]> on host 1.0.0.0.0.0.0.0.0.0.0.0.0.0.0.0.0.0.0.0.0.0.0.0.0.0.0.0.0.0.0.0.ip6.arpa
[2023-01-01 03:33:56,006] {taskinstance.py:1569} INFO - Exporting the following env vars:
AIRFLOW_CTX_DAG_OWNER=airflow
AIRFLOW_CTX_DAG_ID=dbt_example
AIRFLOW_CTX_TASK_ID=model.my_project.my_first_dbt_model
AIRFLOW_CTX_EXECUTION_DATE=2023-01-01T11:33:52.445964+00:00
AIRFLOW_CTX_TRY_NUMBER=1
AIRFLOW_CTX_DAG_RUN_ID=manual__2023-01-01T11:33:52.445964+00:00
[2023-01-01 03:33:56,007] {subprocess.py:62} INFO - Tmp dir root location: 
 /var/folders/7s/852sy8qx6lx4d2xxm8yv15sw0000gn/T
[2023-01-01 03:33:56,008] {subprocess.py:74} INFO - Running command: ['bash', '-c', 'cd /Users/kayleeyvo/Documents/DS_Learning/datafold_project/repos/demo/dbt/my_project && eval "$(pyenv init -)" && eval "$(pyenv virtualenv-init -)" && pyenv activate demo_dbt && dbt run --models my_first_dbt_model']
[2023-01-01 03:33:56,013] {subprocess.py:85} INFO - Output:
[2023-01-01 03:33:56,297] {subprocess.py:92} INFO - pyenv-virtualenv: prompt changing will be removed from future release. configure `export PYENV_VIRTUALENV_DISABLE_PROMPT=1' to simulate the behavior.
[2023-01-01 03:33:58,571] {subprocess.py:92} INFO - 11:33:58  Running with dbt=1.1.0
[2023-01-01 03:33:58,621] {subprocess.py:92} INFO - 11:33:58  Found 2 models, 4 tests, 0 snapshots, 0 analyses, 167 macros, 0 operations, 0 seed files, 0 sources, 0 exposures, 0 metrics
[2023-01-01 03:33:58,622] {subprocess.py:92} INFO - 11:33:58
[2023-01-01 03:33:58,728] {subprocess.py:92} INFO - 11:33:58  Concurrency: 1 threads (target='dev')
[2023-01-01 03:33:58,728] {subprocess.py:92} INFO - 11:33:58
[2023-01-01 03:33:58,731] {subprocess.py:92} INFO - 11:33:58  1 of 1 START table model dev.my_first_dbt_model ................................ [RUN]
[2023-01-01 03:33:58,810] {subprocess.py:92} INFO - 11:33:58  1 of 1 OK created table model dev.my_first_dbt_model ........................... [[32mSELECT 4[0m in 0.08s]
[2023-01-01 03:33:58,827] {subprocess.py:92} INFO - 11:33:58
[2023-01-01 03:33:58,828] {subprocess.py:92} INFO - 11:33:58  Finished running 1 table model in 0.21s.
[2023-01-01 03:33:58,832] {subprocess.py:92} INFO - 11:33:58
[2023-01-01 03:33:58,832] {subprocess.py:92} INFO - 11:33:58  [32mCompleted successfully[0m
[2023-01-01 03:33:58,833] {subprocess.py:92} INFO - 11:33:58
[2023-01-01 03:33:58,833] {subprocess.py:92} INFO - 11:33:58  Done. PASS=1 WARN=0 ERROR=0 SKIP=0 TOTAL=1
[2023-01-01 03:33:59,435] {subprocess.py:96} INFO - Command exited with return code 0
[2023-01-01 03:33:59,453] {taskinstance.py:1395} INFO - Marking task as SUCCESS. dag_id=dbt_example, task_id=model.my_project.my_first_dbt_model, execution_date=20230101T113352, start_date=20230101T113355, end_date=20230101T113359
[2023-01-01 03:33:59,488] {local_task_job.py:156} INFO - Task exited with return code 0
[2023-01-01 03:33:59,534] {local_task_job.py:273} INFO - 3 downstream tasks scheduled from follow-on schedule check
