[2023-01-01 03:34:01,200] {taskinstance.py:1159} INFO - Dependencies all met for <TaskInstance: dbt_example.model.my_project.my_second_dbt_model manual__2023-01-01T11:33:52.445964+00:00 [queued]>
[2023-01-01 03:34:01,203] {taskinstance.py:1159} INFO - Dependencies all met for <TaskInstance: dbt_example.model.my_project.my_second_dbt_model manual__2023-01-01T11:33:52.445964+00:00 [queued]>
[2023-01-01 03:34:01,203] {taskinstance.py:1356} INFO - 
--------------------------------------------------------------------------------
[2023-01-01 03:34:01,204] {taskinstance.py:1357} INFO - Starting attempt 1 of 1
[2023-01-01 03:34:01,204] {taskinstance.py:1358} INFO - 
--------------------------------------------------------------------------------
[2023-01-01 03:34:01,211] {taskinstance.py:1377} INFO - Executing <Task(BashOperator): model.my_project.my_second_dbt_model> on 2023-01-01 11:33:52.445964+00:00
[2023-01-01 03:34:01,213] {standard_task_runner.py:52} INFO - Started process 3817 to run task
[2023-01-01 03:34:01,217] {standard_task_runner.py:79} INFO - Running: ['airflow', 'tasks', 'run', 'dbt_example', 'model.my_project.my_second_dbt_model', 'manual__2023-01-01T11:33:52.445964+00:00', '--job-id', '56', '--raw', '--subdir', 'DAGS_FOLDER/dbt_example.py', '--cfg-path', '/var/folders/7s/852sy8qx6lx4d2xxm8yv15sw0000gn/T/tmpb3pr2sev', '--error-file', '/var/folders/7s/852sy8qx6lx4d2xxm8yv15sw0000gn/T/tmpa75xh6hm']
[2023-01-01 03:34:01,218] {standard_task_runner.py:80} INFO - Job 56: Subtask model.my_project.my_second_dbt_model
[2023-01-01 03:34:01,250] {task_command.py:370} INFO - Running <TaskInstance: dbt_example.model.my_project.my_second_dbt_model manual__2023-01-01T11:33:52.445964+00:00 [running]> on host 1.0.0.0.0.0.0.0.0.0.0.0.0.0.0.0.0.0.0.0.0.0.0.0.0.0.0.0.0.0.0.0.ip6.arpa
[2023-01-01 03:34:01,284] {taskinstance.py:1569} INFO - Exporting the following env vars:
AIRFLOW_CTX_DAG_OWNER=airflow
AIRFLOW_CTX_DAG_ID=dbt_example
AIRFLOW_CTX_TASK_ID=model.my_project.my_second_dbt_model
AIRFLOW_CTX_EXECUTION_DATE=2023-01-01T11:33:52.445964+00:00
AIRFLOW_CTX_TRY_NUMBER=1
AIRFLOW_CTX_DAG_RUN_ID=manual__2023-01-01T11:33:52.445964+00:00
[2023-01-01 03:34:01,285] {subprocess.py:62} INFO - Tmp dir root location: 
 /var/folders/7s/852sy8qx6lx4d2xxm8yv15sw0000gn/T
[2023-01-01 03:34:01,285] {subprocess.py:74} INFO - Running command: ['bash', '-c', 'cd /Users/kayleeyvo/Documents/DS_Learning/datafold_project/repos/demo/dbt/my_project && eval "$(pyenv init -)" && eval "$(pyenv virtualenv-init -)" && pyenv activate demo_dbt && dbt run --models my_second_dbt_model']
[2023-01-01 03:34:01,290] {subprocess.py:85} INFO - Output:
[2023-01-01 03:34:01,561] {subprocess.py:92} INFO - pyenv-virtualenv: prompt changing will be removed from future release. configure `export PYENV_VIRTUALENV_DISABLE_PROMPT=1' to simulate the behavior.
[2023-01-01 03:34:03,841] {subprocess.py:92} INFO - 11:34:03  Running with dbt=1.1.0
[2023-01-01 03:34:03,890] {subprocess.py:92} INFO - 11:34:03  Found 2 models, 4 tests, 0 snapshots, 0 analyses, 167 macros, 0 operations, 0 seed files, 0 sources, 0 exposures, 0 metrics
[2023-01-01 03:34:03,891] {subprocess.py:92} INFO - 11:34:03
[2023-01-01 03:34:03,987] {subprocess.py:92} INFO - 11:34:03  Concurrency: 1 threads (target='dev')
[2023-01-01 03:34:03,987] {subprocess.py:92} INFO - 11:34:03
[2023-01-01 03:34:03,990] {subprocess.py:92} INFO - 11:34:03  1 of 1 START view model dev.my_second_dbt_model ................................ [RUN]
[2023-01-01 03:34:04,053] {subprocess.py:92} INFO - 11:34:04  1 of 1 OK created view model dev.my_second_dbt_model ........................... [[32mCREATE VIEW[0m in 0.06s]
[2023-01-01 03:34:04,069] {subprocess.py:92} INFO - 11:34:04
[2023-01-01 03:34:04,070] {subprocess.py:92} INFO - 11:34:04  Finished running 1 view model in 0.18s.
[2023-01-01 03:34:04,074] {subprocess.py:92} INFO - 11:34:04
[2023-01-01 03:34:04,074] {subprocess.py:92} INFO - 11:34:04  [32mCompleted successfully[0m
[2023-01-01 03:34:04,074] {subprocess.py:92} INFO - 11:34:04
[2023-01-01 03:34:04,074] {subprocess.py:92} INFO - 11:34:04  Done. PASS=1 WARN=0 ERROR=0 SKIP=0 TOTAL=1
[2023-01-01 03:34:04,566] {subprocess.py:96} INFO - Command exited with return code 0
[2023-01-01 03:34:04,583] {taskinstance.py:1395} INFO - Marking task as SUCCESS. dag_id=dbt_example, task_id=model.my_project.my_second_dbt_model, execution_date=20230101T113352, start_date=20230101T113401, end_date=20230101T113404
[2023-01-01 03:34:04,617] {local_task_job.py:156} INFO - Task exited with return code 0
[2023-01-01 03:34:04,661] {local_task_job.py:273} INFO - 2 downstream tasks scheduled from follow-on schedule check
